{"D:\\quizapp-reactnative\\Apps\\Base.tsx": {"path":"D:\\quizapp-reactnative\\Apps\\Base.tsx","statementMap":{"0":{"start":{"line":15,"column":21},"end":{"line":15,"column":68}},"1":{"start":{"line":17,"column":4},"end":{"line":17,"column":27}},"2":{"start":{"line":18,"column":32},"end":{"line":18,"column":55}},"3":{"start":{"line":19,"column":36},"end":{"line":19,"column":60}},"4":{"start":{"line":20,"column":38},"end":{"line":20,"column":62}},"5":{"start":{"line":21,"column":37},"end":{"line":21,"column":61}},"6":{"start":{"line":22,"column":43},"end":{"line":22,"column":67}},"7":{"start":{"line":23,"column":35},"end":{"line":23,"column":59}},"8":{"start":{"line":24,"column":21},"end":{"line":24,"column":70}},"9":{"start":{"line":26,"column":4},"end":{"line":26,"column":20}},"10":{"start":{"line":28,"column":28},"end":{"line":32,"column":3}},"11":{"start":{"line":29,"column":4},"end":{"line":29,"column":18}},"12":{"start":{"line":30,"column":24},"end":{"line":30,"column":66}},"13":{"start":{"line":31,"column":4},"end":{"line":31,"column":37}},"14":{"start":{"line":33,"column":27},"end":{"line":36,"column":3}},"15":{"start":{"line":34,"column":4},"end":{"line":34,"column":18}},"16":{"start":{"line":35,"column":4},"end":{"line":35,"column":41}},"17":{"start":{"line":37,"column":28},"end":{"line":40,"column":3}},"18":{"start":{"line":38,"column":4},"end":{"line":38,"column":19}},"19":{"start":{"line":39,"column":4},"end":{"line":39,"column":45}},"20":{"start":{"line":42,"column":22},"end":{"line":42,"column":58}},"21":{"start":{"line":43,"column":20},"end":{"line":43,"column":48}},"22":{"start":{"line":44,"column":16},"end":{"line":44,"column":29}},"23":{"start":{"line":45,"column":2},"end":{"line":90,"column":4}},"24":{"start":{"line":71,"column":10},"end":{"line":71,"column":36}},"25":{"start":{"line":79,"column":10},"end":{"line":79,"column":31}},"26":{"start":{"line":87,"column":23},"end":{"line":87,"column":56}},"27":{"start":{"line":92,"column":15},"end":{"line":113,"column":2}}},"fnMap":{"0":{"name":"Base","decl":{"start":{"line":14,"column":24},"end":{"line":14,"column":28}},"loc":{"start":{"line":14,"column":31},"end":{"line":91,"column":1}},"line":14},"1":{"name":"handleSubmit","decl":{"start":{"line":25,"column":11},"end":{"line":25,"column":23}},"loc":{"start":{"line":25,"column":26},"end":{"line":27,"column":3}},"line":25},"2":{"name":"(anonymous_2)","decl":{"start":{"line":28,"column":28},"end":{"line":28,"column":29}},"loc":{"start":{"line":28,"column":46},"end":{"line":32,"column":3}},"line":28},"3":{"name":"(anonymous_3)","decl":{"start":{"line":33,"column":27},"end":{"line":33,"column":28}},"loc":{"start":{"line":33,"column":45},"end":{"line":36,"column":3}},"line":33},"4":{"name":"(anonymous_4)","decl":{"start":{"line":37,"column":28},"end":{"line":37,"column":29}},"loc":{"start":{"line":37,"column":46},"end":{"line":40,"column":3}},"line":37},"5":{"name":"(anonymous_5)","decl":{"start":{"line":70,"column":18},"end":{"line":70,"column":19}},"loc":{"start":{"line":70,"column":43},"end":{"line":72,"column":9}},"line":70},"6":{"name":"(anonymous_6)","decl":{"start":{"line":78,"column":18},"end":{"line":78,"column":19}},"loc":{"start":{"line":78,"column":39},"end":{"line":80,"column":9}},"line":78},"7":{"name":"(anonymous_7)","decl":{"start":{"line":87,"column":17},"end":{"line":87,"column":18}},"loc":{"start":{"line":87,"column":23},"end":{"line":87,"column":56}},"line":87}},"branchMap":{"0":{"loc":{"start":{"line":42,"column":22},"end":{"line":42,"column":58}},"type":"binary-expr","locations":[{"start":{"line":42,"column":22},"end":{"line":42,"column":31}},{"start":{"line":42,"column":35},"end":{"line":42,"column":44}},{"start":{"line":42,"column":48},"end":{"line":42,"column":58}}],"line":42},"1":{"loc":{"start":{"line":43,"column":20},"end":{"line":43,"column":48}},"type":"binary-expr","locations":[{"start":{"line":43,"column":20},"end":{"line":43,"column":31}},{"start":{"line":43,"column":35},"end":{"line":43,"column":48}}],"line":43},"2":{"loc":{"start":{"line":52,"column":7},"end":{"line":54,"column":7}},"type":"binary-expr","locations":[{"start":{"line":52,"column":7},"end":{"line":52,"column":17}},{"start":{"line":53,"column":8},"end":{"line":53,"column":71}}],"line":52},"3":{"loc":{"start":{"line":59,"column":30},"end":{"line":59,"column":63}},"type":"binary-expr","locations":[{"start":{"line":59,"column":30},"end":{"line":59,"column":40}},{"start":{"line":59,"column":44},"end":{"line":59,"column":63}}],"line":59}},"s":{"0":7,"1":7,"2":7,"3":7,"4":7,"5":7,"6":7,"7":7,"8":7,"9":2,"10":7,"11":1,"12":1,"13":1,"14":7,"15":1,"16":1,"17":7,"18":1,"19":1,"20":7,"21":7,"22":7,"23":7,"24":0,"25":0,"26":0,"27":1},"f":{"0":7,"1":2,"2":1,"3":1,"4":1,"5":0,"6":0,"7":0},"b":{"0":[7,5,5],"1":[7,3],"2":[7,0],"3":[7,0]},"_coverageSchema":"1a1c01bbd47fc00a2c39e90264f33305004495a9","hash":"2e657eac661c900dd4cfa5181db2e19677b21af4"}
,"D:\\quizapp-reactnative\\Apps\\Question1.tsx": {"path":"D:\\quizapp-reactnative\\Apps\\Question1.tsx","statementMap":{"0":{"start":{"line":14,"column":55},"end":{"line":14,"column":78}},"1":{"start":{"line":15,"column":21},"end":{"line":15,"column":68}},"2":{"start":{"line":16,"column":36},"end":{"line":16,"column":54}},"3":{"start":{"line":17,"column":23},"end":{"line":17,"column":28}},"4":{"start":{"line":18,"column":19},"end":{"line":18,"column":20}},"5":{"start":{"line":19,"column":33},"end":{"line":19,"column":57}},"6":{"start":{"line":20,"column":21},"end":{"line":20,"column":23}},"7":{"start":{"line":21,"column":23},"end":{"line":21,"column":25}},"8":{"start":{"line":22,"column":2},"end":{"line":36,"column":3}},"9":{"start":{"line":23,"column":4},"end":{"line":23,"column":75}},"10":{"start":{"line":24,"column":4},"end":{"line":24,"column":47}},"11":{"start":{"line":25,"column":9},"end":{"line":36,"column":3}},"12":{"start":{"line":26,"column":4},"end":{"line":27,"column":79}},"13":{"start":{"line":28,"column":4},"end":{"line":28,"column":47}},"14":{"start":{"line":29,"column":9},"end":{"line":36,"column":3}},"15":{"start":{"line":30,"column":4},"end":{"line":30,"column":73}},"16":{"start":{"line":31,"column":4},"end":{"line":31,"column":66}},"17":{"start":{"line":32,"column":9},"end":{"line":36,"column":3}},"18":{"start":{"line":33,"column":4},"end":{"line":34,"column":90}},"19":{"start":{"line":35,"column":4},"end":{"line":35,"column":32}},"20":{"start":{"line":37,"column":28},"end":{"line":39,"column":3}},"21":{"start":{"line":38,"column":4},"end":{"line":38,"column":20}},"22":{"start":{"line":40,"column":28},"end":{"line":67,"column":3}},"23":{"start":{"line":41,"column":4},"end":{"line":41,"column":20}},"24":{"start":{"line":42,"column":4},"end":{"line":66,"column":5}},"25":{"start":{"line":43,"column":6},"end":{"line":47,"column":7}},"26":{"start":{"line":44,"column":8},"end":{"line":44,"column":28}},"27":{"start":{"line":46,"column":8},"end":{"line":46,"column":31}},"28":{"start":{"line":48,"column":11},"end":{"line":66,"column":5}},"29":{"start":{"line":49,"column":6},"end":{"line":53,"column":7}},"30":{"start":{"line":50,"column":8},"end":{"line":50,"column":28}},"31":{"start":{"line":52,"column":8},"end":{"line":52,"column":31}},"32":{"start":{"line":54,"column":11},"end":{"line":66,"column":5}},"33":{"start":{"line":55,"column":6},"end":{"line":59,"column":7}},"34":{"start":{"line":56,"column":8},"end":{"line":56,"column":28}},"35":{"start":{"line":58,"column":8},"end":{"line":58,"column":31}},"36":{"start":{"line":60,"column":11},"end":{"line":66,"column":5}},"37":{"start":{"line":61,"column":6},"end":{"line":65,"column":7}},"38":{"start":{"line":62,"column":8},"end":{"line":62,"column":28}},"39":{"start":{"line":64,"column":8},"end":{"line":64,"column":31}},"40":{"start":{"line":69,"column":2},"end":{"line":117,"column":4}},"41":{"start":{"line":79,"column":10},"end":{"line":85,"column":29}},"42":{"start":{"line":81,"column":27},"end":{"line":81,"column":56}},"43":{"start":{"line":93,"column":8},"end":{"line":101,"column":20}},"44":{"start":{"line":99,"column":25},"end":{"line":99,"column":49}},"45":{"start":{"line":113,"column":25},"end":{"line":113,"column":58}},"46":{"start":{"line":119,"column":15},"end":{"line":160,"column":2}}},"fnMap":{"0":{"name":"Question1","decl":{"start":{"line":13,"column":24},"end":{"line":13,"column":33}},"loc":{"start":{"line":13,"column":36},"end":{"line":118,"column":1}},"line":13},"1":{"name":"(anonymous_1)","decl":{"start":{"line":37,"column":28},"end":{"line":37,"column":29}},"loc":{"start":{"line":37,"column":47},"end":{"line":39,"column":3}},"line":37},"2":{"name":"(anonymous_2)","decl":{"start":{"line":40,"column":28},"end":{"line":40,"column":29}},"loc":{"start":{"line":40,"column":34},"end":{"line":67,"column":3}},"line":40},"3":{"name":"(anonymous_3)","decl":{"start":{"line":78,"column":14},"end":{"line":78,"column":15}},"loc":{"start":{"line":79,"column":10},"end":{"line":85,"column":29}},"line":79},"4":{"name":"(anonymous_4)","decl":{"start":{"line":81,"column":21},"end":{"line":81,"column":22}},"loc":{"start":{"line":81,"column":27},"end":{"line":81,"column":56}},"line":81},"5":{"name":"(anonymous_5)","decl":{"start":{"line":92,"column":19},"end":{"line":92,"column":20}},"loc":{"start":{"line":93,"column":8},"end":{"line":101,"column":20}},"line":93},"6":{"name":"(anonymous_6)","decl":{"start":{"line":99,"column":19},"end":{"line":99,"column":20}},"loc":{"start":{"line":99,"column":25},"end":{"line":99,"column":49}},"line":99},"7":{"name":"(anonymous_7)","decl":{"start":{"line":113,"column":19},"end":{"line":113,"column":20}},"loc":{"start":{"line":113,"column":25},"end":{"line":113,"column":58}},"line":113}},"branchMap":{"0":{"loc":{"start":{"line":22,"column":2},"end":{"line":36,"column":3}},"type":"if","locations":[{"start":{"line":22,"column":2},"end":{"line":36,"column":3}},{"start":{"line":25,"column":9},"end":{"line":36,"column":3}}],"line":22},"1":{"loc":{"start":{"line":25,"column":9},"end":{"line":36,"column":3}},"type":"if","locations":[{"start":{"line":25,"column":9},"end":{"line":36,"column":3}},{"start":{"line":29,"column":9},"end":{"line":36,"column":3}}],"line":25},"2":{"loc":{"start":{"line":29,"column":9},"end":{"line":36,"column":3}},"type":"if","locations":[{"start":{"line":29,"column":9},"end":{"line":36,"column":3}},{"start":{"line":32,"column":9},"end":{"line":36,"column":3}}],"line":29},"3":{"loc":{"start":{"line":32,"column":9},"end":{"line":36,"column":3}},"type":"if","locations":[{"start":{"line":32,"column":9},"end":{"line":36,"column":3}},{"start":{},"end":{}}],"line":32},"4":{"loc":{"start":{"line":42,"column":4},"end":{"line":66,"column":5}},"type":"if","locations":[{"start":{"line":42,"column":4},"end":{"line":66,"column":5}},{"start":{"line":48,"column":11},"end":{"line":66,"column":5}}],"line":42},"5":{"loc":{"start":{"line":43,"column":6},"end":{"line":47,"column":7}},"type":"if","locations":[{"start":{"line":43,"column":6},"end":{"line":47,"column":7}},{"start":{"line":45,"column":13},"end":{"line":47,"column":7}}],"line":43},"6":{"loc":{"start":{"line":43,"column":10},"end":{"line":43,"column":49}},"type":"binary-expr","locations":[{"start":{"line":43,"column":10},"end":{"line":43,"column":29}},{"start":{"line":43,"column":33},"end":{"line":43,"column":49}}],"line":43},"7":{"loc":{"start":{"line":48,"column":11},"end":{"line":66,"column":5}},"type":"if","locations":[{"start":{"line":48,"column":11},"end":{"line":66,"column":5}},{"start":{"line":54,"column":11},"end":{"line":66,"column":5}}],"line":48},"8":{"loc":{"start":{"line":48,"column":15},"end":{"line":48,"column":66}},"type":"binary-expr","locations":[{"start":{"line":48,"column":15},"end":{"line":48,"column":46}},{"start":{"line":48,"column":50},"end":{"line":48,"column":66}}],"line":48},"9":{"loc":{"start":{"line":49,"column":6},"end":{"line":53,"column":7}},"type":"if","locations":[{"start":{"line":49,"column":6},"end":{"line":53,"column":7}},{"start":{"line":51,"column":13},"end":{"line":53,"column":7}}],"line":49},"10":{"loc":{"start":{"line":54,"column":11},"end":{"line":66,"column":5}},"type":"if","locations":[{"start":{"line":54,"column":11},"end":{"line":66,"column":5}},{"start":{"line":60,"column":11},"end":{"line":66,"column":5}}],"line":54},"11":{"loc":{"start":{"line":54,"column":15},"end":{"line":54,"column":64}},"type":"binary-expr","locations":[{"start":{"line":54,"column":15},"end":{"line":54,"column":44}},{"start":{"line":54,"column":48},"end":{"line":54,"column":64}}],"line":54},"12":{"loc":{"start":{"line":55,"column":6},"end":{"line":59,"column":7}},"type":"if","locations":[{"start":{"line":55,"column":6},"end":{"line":59,"column":7}},{"start":{"line":57,"column":13},"end":{"line":59,"column":7}}],"line":55},"13":{"loc":{"start":{"line":60,"column":11},"end":{"line":66,"column":5}},"type":"if","locations":[{"start":{"line":60,"column":11},"end":{"line":66,"column":5}},{"start":{},"end":{}}],"line":60},"14":{"loc":{"start":{"line":60,"column":15},"end":{"line":60,"column":58}},"type":"binary-expr","locations":[{"start":{"line":60,"column":15},"end":{"line":60,"column":38}},{"start":{"line":60,"column":42},"end":{"line":60,"column":58}}],"line":60},"15":{"loc":{"start":{"line":61,"column":6},"end":{"line":65,"column":7}},"type":"if","locations":[{"start":{"line":61,"column":6},"end":{"line":65,"column":7}},{"start":{"line":63,"column":13},"end":{"line":65,"column":7}}],"line":61},"16":{"loc":{"start":{"line":88,"column":7},"end":{"line":88,"column":63}},"type":"binary-expr","locations":[{"start":{"line":88,"column":7},"end":{"line":88,"column":17}},{"start":{"line":88,"column":21},"end":{"line":88,"column":63}}],"line":88},"17":{"loc":{"start":{"line":97,"column":12},"end":{"line":97,"column":60}},"type":"binary-expr","locations":[{"start":{"line":97,"column":12},"end":{"line":97,"column":35}},{"start":{"line":97,"column":39},"end":{"line":97,"column":60}}],"line":97},"18":{"loc":{"start":{"line":109,"column":7},"end":{"line":115,"column":7}},"type":"binary-expr","locations":[{"start":{"line":109,"column":7},"end":{"line":109,"column":29}},{"start":{"line":110,"column":8},"end":{"line":114,"column":10}}],"line":109}},"s":{"0":10,"1":10,"2":10,"3":10,"4":10,"5":10,"6":10,"7":10,"8":10,"9":10,"10":10,"11":0,"12":0,"13":0,"14":0,"15":0,"16":0,"17":0,"18":0,"19":0,"20":10,"21":2,"22":10,"23":2,"24":2,"25":2,"26":1,"27":1,"28":0,"29":0,"30":0,"31":0,"32":0,"33":0,"34":0,"35":0,"36":0,"37":0,"38":0,"39":0,"40":10,"41":50,"42":4,"43":40,"44":2,"45":1,"46":1},"f":{"0":10,"1":2,"2":2,"3":50,"4":4,"5":40,"6":2,"7":1},"b":{"0":[10,0],"1":[0,0],"2":[0,0],"3":[0,0],"4":[2,0],"5":[1,1],"6":[2,1],"7":[0,0],"8":[0,0],"9":[0,0],"10":[0,0],"11":[0,0],"12":[0,0],"13":[0,0],"14":[0,0],"15":[0,0],"16":[10,10],"17":[40,4],"18":[10,10]},"_coverageSchema":"1a1c01bbd47fc00a2c39e90264f33305004495a9","hash":"446e230ad6d3b19c7391dd67a783268ad463840b"}
,"D:\\quizapp-reactnative\\Apps\\Question2.tsx": {"path":"D:\\quizapp-reactnative\\Apps\\Question2.tsx","statementMap":{"0":{"start":{"line":14,"column":21},"end":{"line":14,"column":68}},"1":{"start":{"line":15,"column":55},"end":{"line":15,"column":78}},"2":{"start":{"line":16,"column":34},"end":{"line":16,"column":52}},"3":{"start":{"line":17,"column":23},"end":{"line":17,"column":28}},"4":{"start":{"line":18,"column":19},"end":{"line":18,"column":20}},"5":{"start":{"line":19,"column":33},"end":{"line":19,"column":57}},"6":{"start":{"line":20,"column":17},"end":{"line":20,"column":19}},"7":{"start":{"line":21,"column":21},"end":{"line":21,"column":23}},"8":{"start":{"line":22,"column":2},"end":{"line":35,"column":3}},"9":{"start":{"line":23,"column":4},"end":{"line":23,"column":66}},"10":{"start":{"line":24,"column":4},"end":{"line":24,"column":32}},"11":{"start":{"line":25,"column":9},"end":{"line":35,"column":3}},"12":{"start":{"line":26,"column":4},"end":{"line":27,"column":89}},"13":{"start":{"line":28,"column":4},"end":{"line":28,"column":32}},"14":{"start":{"line":29,"column":9},"end":{"line":35,"column":3}},"15":{"start":{"line":30,"column":4},"end":{"line":30,"column":79}},"16":{"start":{"line":31,"column":4},"end":{"line":31,"column":32}},"17":{"start":{"line":32,"column":9},"end":{"line":35,"column":3}},"18":{"start":{"line":33,"column":4},"end":{"line":33,"column":69}},"19":{"start":{"line":34,"column":4},"end":{"line":34,"column":32}},"20":{"start":{"line":36,"column":28},"end":{"line":63,"column":3}},"21":{"start":{"line":37,"column":4},"end":{"line":37,"column":20}},"22":{"start":{"line":38,"column":4},"end":{"line":62,"column":5}},"23":{"start":{"line":39,"column":6},"end":{"line":43,"column":7}},"24":{"start":{"line":40,"column":8},"end":{"line":40,"column":28}},"25":{"start":{"line":42,"column":8},"end":{"line":42,"column":31}},"26":{"start":{"line":44,"column":11},"end":{"line":62,"column":5}},"27":{"start":{"line":45,"column":6},"end":{"line":49,"column":7}},"28":{"start":{"line":46,"column":8},"end":{"line":46,"column":28}},"29":{"start":{"line":48,"column":8},"end":{"line":48,"column":31}},"30":{"start":{"line":50,"column":11},"end":{"line":62,"column":5}},"31":{"start":{"line":51,"column":6},"end":{"line":55,"column":7}},"32":{"start":{"line":52,"column":8},"end":{"line":52,"column":28}},"33":{"start":{"line":54,"column":8},"end":{"line":54,"column":31}},"34":{"start":{"line":56,"column":11},"end":{"line":62,"column":5}},"35":{"start":{"line":57,"column":6},"end":{"line":61,"column":7}},"36":{"start":{"line":58,"column":8},"end":{"line":58,"column":28}},"37":{"start":{"line":60,"column":8},"end":{"line":60,"column":31}},"38":{"start":{"line":65,"column":28},"end":{"line":67,"column":3}},"39":{"start":{"line":66,"column":4},"end":{"line":66,"column":20}},"40":{"start":{"line":68,"column":2},"end":{"line":119,"column":4}},"41":{"start":{"line":78,"column":10},"end":{"line":84,"column":29}},"42":{"start":{"line":81,"column":27},"end":{"line":81,"column":56}},"43":{"start":{"line":92,"column":8},"end":{"line":100,"column":20}},"44":{"start":{"line":98,"column":25},"end":{"line":98,"column":49}},"45":{"start":{"line":110,"column":23},"end":{"line":110,"column":56}},"46":{"start":{"line":115,"column":23},"end":{"line":115,"column":42}},"47":{"start":{"line":121,"column":15},"end":{"line":162,"column":2}}},"fnMap":{"0":{"name":"Question2","decl":{"start":{"line":13,"column":24},"end":{"line":13,"column":33}},"loc":{"start":{"line":13,"column":36},"end":{"line":120,"column":1}},"line":13},"1":{"name":"(anonymous_1)","decl":{"start":{"line":36,"column":28},"end":{"line":36,"column":29}},"loc":{"start":{"line":36,"column":34},"end":{"line":63,"column":3}},"line":36},"2":{"name":"(anonymous_2)","decl":{"start":{"line":65,"column":28},"end":{"line":65,"column":29}},"loc":{"start":{"line":65,"column":47},"end":{"line":67,"column":3}},"line":65},"3":{"name":"(anonymous_3)","decl":{"start":{"line":77,"column":14},"end":{"line":77,"column":15}},"loc":{"start":{"line":78,"column":10},"end":{"line":84,"column":29}},"line":78},"4":{"name":"(anonymous_4)","decl":{"start":{"line":81,"column":21},"end":{"line":81,"column":22}},"loc":{"start":{"line":81,"column":27},"end":{"line":81,"column":56}},"line":81},"5":{"name":"(anonymous_5)","decl":{"start":{"line":91,"column":19},"end":{"line":91,"column":20}},"loc":{"start":{"line":92,"column":8},"end":{"line":100,"column":20}},"line":92},"6":{"name":"(anonymous_6)","decl":{"start":{"line":98,"column":19},"end":{"line":98,"column":20}},"loc":{"start":{"line":98,"column":25},"end":{"line":98,"column":49}},"line":98},"7":{"name":"(anonymous_7)","decl":{"start":{"line":110,"column":17},"end":{"line":110,"column":18}},"loc":{"start":{"line":110,"column":23},"end":{"line":110,"column":56}},"line":110},"8":{"name":"(anonymous_8)","decl":{"start":{"line":115,"column":17},"end":{"line":115,"column":18}},"loc":{"start":{"line":115,"column":23},"end":{"line":115,"column":42}},"line":115}},"branchMap":{"0":{"loc":{"start":{"line":22,"column":2},"end":{"line":35,"column":3}},"type":"if","locations":[{"start":{"line":22,"column":2},"end":{"line":35,"column":3}},{"start":{"line":25,"column":9},"end":{"line":35,"column":3}}],"line":22},"1":{"loc":{"start":{"line":25,"column":9},"end":{"line":35,"column":3}},"type":"if","locations":[{"start":{"line":25,"column":9},"end":{"line":35,"column":3}},{"start":{"line":29,"column":9},"end":{"line":35,"column":3}}],"line":25},"2":{"loc":{"start":{"line":29,"column":9},"end":{"line":35,"column":3}},"type":"if","locations":[{"start":{"line":29,"column":9},"end":{"line":35,"column":3}},{"start":{"line":32,"column":9},"end":{"line":35,"column":3}}],"line":29},"3":{"loc":{"start":{"line":32,"column":9},"end":{"line":35,"column":3}},"type":"if","locations":[{"start":{"line":32,"column":9},"end":{"line":35,"column":3}},{"start":{},"end":{}}],"line":32},"4":{"loc":{"start":{"line":38,"column":4},"end":{"line":62,"column":5}},"type":"if","locations":[{"start":{"line":38,"column":4},"end":{"line":62,"column":5}},{"start":{"line":44,"column":11},"end":{"line":62,"column":5}}],"line":38},"5":{"loc":{"start":{"line":39,"column":6},"end":{"line":43,"column":7}},"type":"if","locations":[{"start":{"line":39,"column":6},"end":{"line":43,"column":7}},{"start":{"line":41,"column":13},"end":{"line":43,"column":7}}],"line":39},"6":{"loc":{"start":{"line":39,"column":10},"end":{"line":39,"column":47}},"type":"binary-expr","locations":[{"start":{"line":39,"column":10},"end":{"line":39,"column":27}},{"start":{"line":39,"column":31},"end":{"line":39,"column":47}}],"line":39},"7":{"loc":{"start":{"line":44,"column":11},"end":{"line":62,"column":5}},"type":"if","locations":[{"start":{"line":44,"column":11},"end":{"line":62,"column":5}},{"start":{"line":50,"column":11},"end":{"line":62,"column":5}}],"line":44},"8":{"loc":{"start":{"line":45,"column":6},"end":{"line":49,"column":7}},"type":"if","locations":[{"start":{"line":45,"column":6},"end":{"line":49,"column":7}},{"start":{"line":47,"column":13},"end":{"line":49,"column":7}}],"line":45},"9":{"loc":{"start":{"line":45,"column":10},"end":{"line":45,"column":47}},"type":"binary-expr","locations":[{"start":{"line":45,"column":10},"end":{"line":45,"column":27}},{"start":{"line":45,"column":31},"end":{"line":45,"column":47}}],"line":45},"10":{"loc":{"start":{"line":50,"column":11},"end":{"line":62,"column":5}},"type":"if","locations":[{"start":{"line":50,"column":11},"end":{"line":62,"column":5}},{"start":{"line":56,"column":11},"end":{"line":62,"column":5}}],"line":50},"11":{"loc":{"start":{"line":51,"column":6},"end":{"line":55,"column":7}},"type":"if","locations":[{"start":{"line":51,"column":6},"end":{"line":55,"column":7}},{"start":{"line":53,"column":13},"end":{"line":55,"column":7}}],"line":51},"12":{"loc":{"start":{"line":51,"column":10},"end":{"line":51,"column":47}},"type":"binary-expr","locations":[{"start":{"line":51,"column":10},"end":{"line":51,"column":27}},{"start":{"line":51,"column":31},"end":{"line":51,"column":47}}],"line":51},"13":{"loc":{"start":{"line":56,"column":11},"end":{"line":62,"column":5}},"type":"if","locations":[{"start":{"line":56,"column":11},"end":{"line":62,"column":5}},{"start":{},"end":{}}],"line":56},"14":{"loc":{"start":{"line":57,"column":6},"end":{"line":61,"column":7}},"type":"if","locations":[{"start":{"line":57,"column":6},"end":{"line":61,"column":7}},{"start":{"line":59,"column":13},"end":{"line":61,"column":7}}],"line":57},"15":{"loc":{"start":{"line":57,"column":10},"end":{"line":57,"column":47}},"type":"binary-expr","locations":[{"start":{"line":57,"column":10},"end":{"line":57,"column":27}},{"start":{"line":57,"column":31},"end":{"line":57,"column":47}}],"line":57},"16":{"loc":{"start":{"line":87,"column":7},"end":{"line":87,"column":63}},"type":"binary-expr","locations":[{"start":{"line":87,"column":7},"end":{"line":87,"column":17}},{"start":{"line":87,"column":21},"end":{"line":87,"column":63}}],"line":87},"17":{"loc":{"start":{"line":96,"column":12},"end":{"line":96,"column":58}},"type":"binary-expr","locations":[{"start":{"line":96,"column":12},"end":{"line":96,"column":33}},{"start":{"line":96,"column":37},"end":{"line":96,"column":58}}],"line":96}},"s":{"0":10,"1":10,"2":10,"3":10,"4":10,"5":10,"6":10,"7":10,"8":10,"9":10,"10":10,"11":0,"12":0,"13":0,"14":0,"15":0,"16":0,"17":0,"18":0,"19":0,"20":10,"21":2,"22":2,"23":2,"24":1,"25":1,"26":0,"27":0,"28":0,"29":0,"30":0,"31":0,"32":0,"33":0,"34":0,"35":0,"36":0,"37":0,"38":10,"39":2,"40":10,"41":50,"42":4,"43":20,"44":2,"45":1,"46":0,"47":1},"f":{"0":10,"1":2,"2":2,"3":50,"4":4,"5":20,"6":2,"7":1,"8":0},"b":{"0":[10,0],"1":[0,0],"2":[0,0],"3":[0,0],"4":[2,0],"5":[1,1],"6":[2,1],"7":[0,0],"8":[0,0],"9":[0,0],"10":[0,0],"11":[0,0],"12":[0,0],"13":[0,0],"14":[0,0],"15":[0,0],"16":[10,10],"17":[20,4]},"_coverageSchema":"1a1c01bbd47fc00a2c39e90264f33305004495a9","hash":"017d6e61d15e7315bd44e4c08af0f45fa7599ff0"}
,"D:\\quizapp-reactnative\\Apps\\Question3.tsx": {"path":"D:\\quizapp-reactnative\\Apps\\Question3.tsx","statementMap":{"0":{"start":{"line":14,"column":21},"end":{"line":14,"column":68}},"1":{"start":{"line":15,"column":55},"end":{"line":15,"column":78}},"2":{"start":{"line":16,"column":34},"end":{"line":16,"column":52}},"3":{"start":{"line":17,"column":23},"end":{"line":17,"column":28}},"4":{"start":{"line":18,"column":33},"end":{"line":18,"column":57}},"5":{"start":{"line":19,"column":17},"end":{"line":19,"column":19}},"6":{"start":{"line":20,"column":19},"end":{"line":20,"column":20}},"7":{"start":{"line":21,"column":21},"end":{"line":21,"column":23}},"8":{"start":{"line":22,"column":2},"end":{"line":52,"column":3}},"9":{"start":{"line":23,"column":4},"end":{"line":24,"column":96}},"10":{"start":{"line":25,"column":4},"end":{"line":30,"column":6}},"11":{"start":{"line":31,"column":9},"end":{"line":52,"column":3}},"12":{"start":{"line":32,"column":4},"end":{"line":33,"column":78}},"13":{"start":{"line":34,"column":4},"end":{"line":39,"column":6}},"14":{"start":{"line":40,"column":9},"end":{"line":52,"column":3}},"15":{"start":{"line":41,"column":4},"end":{"line":42,"column":75}},"16":{"start":{"line":43,"column":4},"end":{"line":43,"column":38}},"17":{"start":{"line":44,"column":9},"end":{"line":52,"column":3}},"18":{"start":{"line":45,"column":4},"end":{"line":45,"column":74}},"19":{"start":{"line":46,"column":4},"end":{"line":51,"column":6}},"20":{"start":{"line":53,"column":28},"end":{"line":80,"column":3}},"21":{"start":{"line":54,"column":4},"end":{"line":54,"column":20}},"22":{"start":{"line":55,"column":4},"end":{"line":79,"column":5}},"23":{"start":{"line":56,"column":6},"end":{"line":60,"column":7}},"24":{"start":{"line":57,"column":8},"end":{"line":57,"column":28}},"25":{"start":{"line":59,"column":8},"end":{"line":59,"column":31}},"26":{"start":{"line":61,"column":11},"end":{"line":79,"column":5}},"27":{"start":{"line":62,"column":6},"end":{"line":66,"column":7}},"28":{"start":{"line":63,"column":8},"end":{"line":63,"column":28}},"29":{"start":{"line":65,"column":8},"end":{"line":65,"column":31}},"30":{"start":{"line":67,"column":11},"end":{"line":79,"column":5}},"31":{"start":{"line":68,"column":6},"end":{"line":72,"column":7}},"32":{"start":{"line":69,"column":8},"end":{"line":69,"column":28}},"33":{"start":{"line":71,"column":8},"end":{"line":71,"column":31}},"34":{"start":{"line":73,"column":11},"end":{"line":79,"column":5}},"35":{"start":{"line":74,"column":6},"end":{"line":78,"column":7}},"36":{"start":{"line":75,"column":8},"end":{"line":75,"column":28}},"37":{"start":{"line":77,"column":8},"end":{"line":77,"column":31}},"38":{"start":{"line":82,"column":28},"end":{"line":84,"column":3}},"39":{"start":{"line":83,"column":4},"end":{"line":83,"column":20}},"40":{"start":{"line":85,"column":2},"end":{"line":136,"column":4}},"41":{"start":{"line":95,"column":10},"end":{"line":101,"column":29}},"42":{"start":{"line":97,"column":27},"end":{"line":97,"column":56}},"43":{"start":{"line":109,"column":8},"end":{"line":117,"column":20}},"44":{"start":{"line":115,"column":25},"end":{"line":115,"column":49}},"45":{"start":{"line":127,"column":23},"end":{"line":127,"column":56}},"46":{"start":{"line":132,"column":23},"end":{"line":132,"column":42}},"47":{"start":{"line":138,"column":15},"end":{"line":179,"column":2}}},"fnMap":{"0":{"name":"Question3","decl":{"start":{"line":13,"column":24},"end":{"line":13,"column":33}},"loc":{"start":{"line":13,"column":36},"end":{"line":137,"column":1}},"line":13},"1":{"name":"(anonymous_1)","decl":{"start":{"line":53,"column":28},"end":{"line":53,"column":29}},"loc":{"start":{"line":53,"column":34},"end":{"line":80,"column":3}},"line":53},"2":{"name":"(anonymous_2)","decl":{"start":{"line":82,"column":28},"end":{"line":82,"column":29}},"loc":{"start":{"line":82,"column":47},"end":{"line":84,"column":3}},"line":82},"3":{"name":"(anonymous_3)","decl":{"start":{"line":94,"column":14},"end":{"line":94,"column":15}},"loc":{"start":{"line":95,"column":10},"end":{"line":101,"column":29}},"line":95},"4":{"name":"(anonymous_4)","decl":{"start":{"line":97,"column":21},"end":{"line":97,"column":22}},"loc":{"start":{"line":97,"column":27},"end":{"line":97,"column":56}},"line":97},"5":{"name":"(anonymous_5)","decl":{"start":{"line":108,"column":19},"end":{"line":108,"column":20}},"loc":{"start":{"line":109,"column":8},"end":{"line":117,"column":20}},"line":109},"6":{"name":"(anonymous_6)","decl":{"start":{"line":115,"column":19},"end":{"line":115,"column":20}},"loc":{"start":{"line":115,"column":25},"end":{"line":115,"column":49}},"line":115},"7":{"name":"(anonymous_7)","decl":{"start":{"line":127,"column":17},"end":{"line":127,"column":18}},"loc":{"start":{"line":127,"column":23},"end":{"line":127,"column":56}},"line":127},"8":{"name":"(anonymous_8)","decl":{"start":{"line":132,"column":17},"end":{"line":132,"column":18}},"loc":{"start":{"line":132,"column":23},"end":{"line":132,"column":42}},"line":132}},"branchMap":{"0":{"loc":{"start":{"line":22,"column":2},"end":{"line":52,"column":3}},"type":"if","locations":[{"start":{"line":22,"column":2},"end":{"line":52,"column":3}},{"start":{"line":31,"column":9},"end":{"line":52,"column":3}}],"line":22},"1":{"loc":{"start":{"line":31,"column":9},"end":{"line":52,"column":3}},"type":"if","locations":[{"start":{"line":31,"column":9},"end":{"line":52,"column":3}},{"start":{"line":40,"column":9},"end":{"line":52,"column":3}}],"line":31},"2":{"loc":{"start":{"line":40,"column":9},"end":{"line":52,"column":3}},"type":"if","locations":[{"start":{"line":40,"column":9},"end":{"line":52,"column":3}},{"start":{"line":44,"column":9},"end":{"line":52,"column":3}}],"line":40},"3":{"loc":{"start":{"line":44,"column":9},"end":{"line":52,"column":3}},"type":"if","locations":[{"start":{"line":44,"column":9},"end":{"line":52,"column":3}},{"start":{},"end":{}}],"line":44},"4":{"loc":{"start":{"line":55,"column":4},"end":{"line":79,"column":5}},"type":"if","locations":[{"start":{"line":55,"column":4},"end":{"line":79,"column":5}},{"start":{"line":61,"column":11},"end":{"line":79,"column":5}}],"line":55},"5":{"loc":{"start":{"line":56,"column":6},"end":{"line":60,"column":7}},"type":"if","locations":[{"start":{"line":56,"column":6},"end":{"line":60,"column":7}},{"start":{"line":58,"column":13},"end":{"line":60,"column":7}}],"line":56},"6":{"loc":{"start":{"line":56,"column":10},"end":{"line":56,"column":47}},"type":"binary-expr","locations":[{"start":{"line":56,"column":10},"end":{"line":56,"column":27}},{"start":{"line":56,"column":31},"end":{"line":56,"column":47}}],"line":56},"7":{"loc":{"start":{"line":61,"column":11},"end":{"line":79,"column":5}},"type":"if","locations":[{"start":{"line":61,"column":11},"end":{"line":79,"column":5}},{"start":{"line":67,"column":11},"end":{"line":79,"column":5}}],"line":61},"8":{"loc":{"start":{"line":62,"column":6},"end":{"line":66,"column":7}},"type":"if","locations":[{"start":{"line":62,"column":6},"end":{"line":66,"column":7}},{"start":{"line":64,"column":13},"end":{"line":66,"column":7}}],"line":62},"9":{"loc":{"start":{"line":62,"column":10},"end":{"line":62,"column":47}},"type":"binary-expr","locations":[{"start":{"line":62,"column":10},"end":{"line":62,"column":27}},{"start":{"line":62,"column":31},"end":{"line":62,"column":47}}],"line":62},"10":{"loc":{"start":{"line":67,"column":11},"end":{"line":79,"column":5}},"type":"if","locations":[{"start":{"line":67,"column":11},"end":{"line":79,"column":5}},{"start":{"line":73,"column":11},"end":{"line":79,"column":5}}],"line":67},"11":{"loc":{"start":{"line":68,"column":6},"end":{"line":72,"column":7}},"type":"if","locations":[{"start":{"line":68,"column":6},"end":{"line":72,"column":7}},{"start":{"line":70,"column":13},"end":{"line":72,"column":7}}],"line":68},"12":{"loc":{"start":{"line":68,"column":10},"end":{"line":68,"column":47}},"type":"binary-expr","locations":[{"start":{"line":68,"column":10},"end":{"line":68,"column":27}},{"start":{"line":68,"column":31},"end":{"line":68,"column":47}}],"line":68},"13":{"loc":{"start":{"line":73,"column":11},"end":{"line":79,"column":5}},"type":"if","locations":[{"start":{"line":73,"column":11},"end":{"line":79,"column":5}},{"start":{},"end":{}}],"line":73},"14":{"loc":{"start":{"line":74,"column":6},"end":{"line":78,"column":7}},"type":"if","locations":[{"start":{"line":74,"column":6},"end":{"line":78,"column":7}},{"start":{"line":76,"column":13},"end":{"line":78,"column":7}}],"line":74},"15":{"loc":{"start":{"line":74,"column":10},"end":{"line":74,"column":47}},"type":"binary-expr","locations":[{"start":{"line":74,"column":10},"end":{"line":74,"column":27}},{"start":{"line":74,"column":31},"end":{"line":74,"column":47}}],"line":74},"16":{"loc":{"start":{"line":104,"column":7},"end":{"line":104,"column":48}},"type":"binary-expr","locations":[{"start":{"line":104,"column":7},"end":{"line":104,"column":17}},{"start":{"line":104,"column":21},"end":{"line":104,"column":48}}],"line":104},"17":{"loc":{"start":{"line":113,"column":12},"end":{"line":113,"column":58}},"type":"binary-expr","locations":[{"start":{"line":113,"column":12},"end":{"line":113,"column":33}},{"start":{"line":113,"column":37},"end":{"line":113,"column":58}}],"line":113}},"s":{"0":10,"1":10,"2":10,"3":10,"4":10,"5":10,"6":10,"7":10,"8":10,"9":10,"10":10,"11":0,"12":0,"13":0,"14":0,"15":0,"16":0,"17":0,"18":0,"19":0,"20":10,"21":2,"22":2,"23":2,"24":1,"25":1,"26":0,"27":0,"28":0,"29":0,"30":0,"31":0,"32":0,"33":0,"34":0,"35":0,"36":0,"37":0,"38":10,"39":2,"40":10,"41":50,"42":4,"43":40,"44":2,"45":1,"46":0,"47":1},"f":{"0":10,"1":2,"2":2,"3":50,"4":4,"5":40,"6":2,"7":1,"8":0},"b":{"0":[10,0],"1":[0,0],"2":[0,0],"3":[0,0],"4":[2,0],"5":[1,1],"6":[2,1],"7":[0,0],"8":[0,0],"9":[0,0],"10":[0,0],"11":[0,0],"12":[0,0],"13":[0,0],"14":[0,0],"15":[0,0],"16":[10,10],"17":[40,4]},"_coverageSchema":"1a1c01bbd47fc00a2c39e90264f33305004495a9","hash":"1c5778f7df2ca509c8c4a062e2a67e0f4e04a1bc"}
,"D:\\quizapp-reactnative\\Apps\\Question4.tsx": {"path":"D:\\quizapp-reactnative\\Apps\\Question4.tsx","statementMap":{"0":{"start":{"line":14,"column":33},"end":{"line":14,"column":57}},"1":{"start":{"line":15,"column":21},"end":{"line":15,"column":68}},"2":{"start":{"line":16,"column":55},"end":{"line":16,"column":78}},"3":{"start":{"line":17,"column":34},"end":{"line":17,"column":52}},"4":{"start":{"line":18,"column":19},"end":{"line":18,"column":20}},"5":{"start":{"line":19,"column":23},"end":{"line":19,"column":28}},"6":{"start":{"line":20,"column":17},"end":{"line":20,"column":19}},"7":{"start":{"line":21,"column":21},"end":{"line":21,"column":23}},"8":{"start":{"line":22,"column":2},"end":{"line":40,"column":3}},"9":{"start":{"line":23,"column":4},"end":{"line":23,"column":79}},"10":{"start":{"line":24,"column":4},"end":{"line":24,"column":47}},"11":{"start":{"line":25,"column":9},"end":{"line":40,"column":3}},"12":{"start":{"line":26,"column":4},"end":{"line":26,"column":32}},"13":{"start":{"line":27,"column":4},"end":{"line":32,"column":6}},"14":{"start":{"line":33,"column":9},"end":{"line":40,"column":3}},"15":{"start":{"line":34,"column":4},"end":{"line":35,"column":90}},"16":{"start":{"line":36,"column":4},"end":{"line":36,"column":64}},"17":{"start":{"line":37,"column":9},"end":{"line":40,"column":3}},"18":{"start":{"line":38,"column":4},"end":{"line":38,"column":52}},"19":{"start":{"line":39,"column":4},"end":{"line":39,"column":54}},"20":{"start":{"line":41,"column":28},"end":{"line":68,"column":3}},"21":{"start":{"line":42,"column":4},"end":{"line":42,"column":20}},"22":{"start":{"line":43,"column":4},"end":{"line":67,"column":5}},"23":{"start":{"line":44,"column":6},"end":{"line":48,"column":7}},"24":{"start":{"line":45,"column":8},"end":{"line":45,"column":28}},"25":{"start":{"line":47,"column":8},"end":{"line":47,"column":31}},"26":{"start":{"line":49,"column":11},"end":{"line":67,"column":5}},"27":{"start":{"line":50,"column":6},"end":{"line":54,"column":7}},"28":{"start":{"line":51,"column":8},"end":{"line":51,"column":28}},"29":{"start":{"line":53,"column":8},"end":{"line":53,"column":31}},"30":{"start":{"line":55,"column":11},"end":{"line":67,"column":5}},"31":{"start":{"line":56,"column":6},"end":{"line":60,"column":7}},"32":{"start":{"line":57,"column":8},"end":{"line":57,"column":28}},"33":{"start":{"line":59,"column":8},"end":{"line":59,"column":31}},"34":{"start":{"line":61,"column":11},"end":{"line":67,"column":5}},"35":{"start":{"line":62,"column":6},"end":{"line":66,"column":7}},"36":{"start":{"line":63,"column":8},"end":{"line":63,"column":28}},"37":{"start":{"line":65,"column":8},"end":{"line":65,"column":31}},"38":{"start":{"line":69,"column":28},"end":{"line":71,"column":3}},"39":{"start":{"line":70,"column":4},"end":{"line":70,"column":20}},"40":{"start":{"line":72,"column":2},"end":{"line":124,"column":4}},"41":{"start":{"line":82,"column":10},"end":{"line":89,"column":29}},"42":{"start":{"line":84,"column":27},"end":{"line":84,"column":56}},"43":{"start":{"line":97,"column":8},"end":{"line":105,"column":20}},"44":{"start":{"line":103,"column":25},"end":{"line":103,"column":49}},"45":{"start":{"line":115,"column":23},"end":{"line":115,"column":56}},"46":{"start":{"line":120,"column":23},"end":{"line":120,"column":42}},"47":{"start":{"line":126,"column":15},"end":{"line":167,"column":2}}},"fnMap":{"0":{"name":"Question4","decl":{"start":{"line":13,"column":24},"end":{"line":13,"column":33}},"loc":{"start":{"line":13,"column":36},"end":{"line":125,"column":1}},"line":13},"1":{"name":"(anonymous_1)","decl":{"start":{"line":41,"column":28},"end":{"line":41,"column":29}},"loc":{"start":{"line":41,"column":34},"end":{"line":68,"column":3}},"line":41},"2":{"name":"(anonymous_2)","decl":{"start":{"line":69,"column":28},"end":{"line":69,"column":29}},"loc":{"start":{"line":69,"column":47},"end":{"line":71,"column":3}},"line":69},"3":{"name":"(anonymous_3)","decl":{"start":{"line":81,"column":14},"end":{"line":81,"column":15}},"loc":{"start":{"line":82,"column":10},"end":{"line":89,"column":29}},"line":82},"4":{"name":"(anonymous_4)","decl":{"start":{"line":84,"column":21},"end":{"line":84,"column":22}},"loc":{"start":{"line":84,"column":27},"end":{"line":84,"column":56}},"line":84},"5":{"name":"(anonymous_5)","decl":{"start":{"line":96,"column":19},"end":{"line":96,"column":20}},"loc":{"start":{"line":97,"column":8},"end":{"line":105,"column":20}},"line":97},"6":{"name":"(anonymous_6)","decl":{"start":{"line":103,"column":19},"end":{"line":103,"column":20}},"loc":{"start":{"line":103,"column":25},"end":{"line":103,"column":49}},"line":103},"7":{"name":"(anonymous_7)","decl":{"start":{"line":115,"column":17},"end":{"line":115,"column":18}},"loc":{"start":{"line":115,"column":23},"end":{"line":115,"column":56}},"line":115},"8":{"name":"(anonymous_8)","decl":{"start":{"line":120,"column":17},"end":{"line":120,"column":18}},"loc":{"start":{"line":120,"column":23},"end":{"line":120,"column":42}},"line":120}},"branchMap":{"0":{"loc":{"start":{"line":22,"column":2},"end":{"line":40,"column":3}},"type":"if","locations":[{"start":{"line":22,"column":2},"end":{"line":40,"column":3}},{"start":{"line":25,"column":9},"end":{"line":40,"column":3}}],"line":22},"1":{"loc":{"start":{"line":25,"column":9},"end":{"line":40,"column":3}},"type":"if","locations":[{"start":{"line":25,"column":9},"end":{"line":40,"column":3}},{"start":{"line":33,"column":9},"end":{"line":40,"column":3}}],"line":25},"2":{"loc":{"start":{"line":33,"column":9},"end":{"line":40,"column":3}},"type":"if","locations":[{"start":{"line":33,"column":9},"end":{"line":40,"column":3}},{"start":{"line":37,"column":9},"end":{"line":40,"column":3}}],"line":33},"3":{"loc":{"start":{"line":37,"column":9},"end":{"line":40,"column":3}},"type":"if","locations":[{"start":{"line":37,"column":9},"end":{"line":40,"column":3}},{"start":{},"end":{}}],"line":37},"4":{"loc":{"start":{"line":43,"column":4},"end":{"line":67,"column":5}},"type":"if","locations":[{"start":{"line":43,"column":4},"end":{"line":67,"column":5}},{"start":{"line":49,"column":11},"end":{"line":67,"column":5}}],"line":43},"5":{"loc":{"start":{"line":44,"column":6},"end":{"line":48,"column":7}},"type":"if","locations":[{"start":{"line":44,"column":6},"end":{"line":48,"column":7}},{"start":{"line":46,"column":13},"end":{"line":48,"column":7}}],"line":44},"6":{"loc":{"start":{"line":44,"column":10},"end":{"line":44,"column":47}},"type":"binary-expr","locations":[{"start":{"line":44,"column":10},"end":{"line":44,"column":27}},{"start":{"line":44,"column":31},"end":{"line":44,"column":47}}],"line":44},"7":{"loc":{"start":{"line":49,"column":11},"end":{"line":67,"column":5}},"type":"if","locations":[{"start":{"line":49,"column":11},"end":{"line":67,"column":5}},{"start":{"line":55,"column":11},"end":{"line":67,"column":5}}],"line":49},"8":{"loc":{"start":{"line":50,"column":6},"end":{"line":54,"column":7}},"type":"if","locations":[{"start":{"line":50,"column":6},"end":{"line":54,"column":7}},{"start":{"line":52,"column":13},"end":{"line":54,"column":7}}],"line":50},"9":{"loc":{"start":{"line":50,"column":10},"end":{"line":50,"column":47}},"type":"binary-expr","locations":[{"start":{"line":50,"column":10},"end":{"line":50,"column":27}},{"start":{"line":50,"column":31},"end":{"line":50,"column":47}}],"line":50},"10":{"loc":{"start":{"line":55,"column":11},"end":{"line":67,"column":5}},"type":"if","locations":[{"start":{"line":55,"column":11},"end":{"line":67,"column":5}},{"start":{"line":61,"column":11},"end":{"line":67,"column":5}}],"line":55},"11":{"loc":{"start":{"line":56,"column":6},"end":{"line":60,"column":7}},"type":"if","locations":[{"start":{"line":56,"column":6},"end":{"line":60,"column":7}},{"start":{"line":58,"column":13},"end":{"line":60,"column":7}}],"line":56},"12":{"loc":{"start":{"line":56,"column":10},"end":{"line":56,"column":47}},"type":"binary-expr","locations":[{"start":{"line":56,"column":10},"end":{"line":56,"column":27}},{"start":{"line":56,"column":31},"end":{"line":56,"column":47}}],"line":56},"13":{"loc":{"start":{"line":61,"column":11},"end":{"line":67,"column":5}},"type":"if","locations":[{"start":{"line":61,"column":11},"end":{"line":67,"column":5}},{"start":{},"end":{}}],"line":61},"14":{"loc":{"start":{"line":62,"column":6},"end":{"line":66,"column":7}},"type":"if","locations":[{"start":{"line":62,"column":6},"end":{"line":66,"column":7}},{"start":{"line":64,"column":13},"end":{"line":66,"column":7}}],"line":62},"15":{"loc":{"start":{"line":62,"column":10},"end":{"line":62,"column":47}},"type":"binary-expr","locations":[{"start":{"line":62,"column":10},"end":{"line":62,"column":27}},{"start":{"line":62,"column":31},"end":{"line":62,"column":47}}],"line":62},"16":{"loc":{"start":{"line":92,"column":7},"end":{"line":92,"column":48}},"type":"binary-expr","locations":[{"start":{"line":92,"column":7},"end":{"line":92,"column":17}},{"start":{"line":92,"column":21},"end":{"line":92,"column":48}}],"line":92},"17":{"loc":{"start":{"line":101,"column":12},"end":{"line":101,"column":58}},"type":"binary-expr","locations":[{"start":{"line":101,"column":12},"end":{"line":101,"column":33}},{"start":{"line":101,"column":37},"end":{"line":101,"column":58}}],"line":101}},"s":{"0":10,"1":10,"2":10,"3":10,"4":10,"5":10,"6":10,"7":10,"8":10,"9":10,"10":10,"11":0,"12":0,"13":0,"14":0,"15":0,"16":0,"17":0,"18":0,"19":0,"20":10,"21":2,"22":2,"23":2,"24":1,"25":1,"26":0,"27":0,"28":0,"29":0,"30":0,"31":0,"32":0,"33":0,"34":0,"35":0,"36":0,"37":0,"38":10,"39":2,"40":10,"41":50,"42":4,"43":40,"44":2,"45":1,"46":0,"47":1},"f":{"0":10,"1":2,"2":2,"3":50,"4":4,"5":40,"6":2,"7":1,"8":0},"b":{"0":[10,0],"1":[0,0],"2":[0,0],"3":[0,0],"4":[2,0],"5":[1,1],"6":[2,1],"7":[0,0],"8":[0,0],"9":[0,0],"10":[0,0],"11":[0,0],"12":[0,0],"13":[0,0],"14":[0,0],"15":[0,0],"16":[10,10],"17":[40,4]},"_coverageSchema":"1a1c01bbd47fc00a2c39e90264f33305004495a9","hash":"0ac4ec3a115b535b346a4dee755271773af68667"}
,"D:\\quizapp-reactnative\\Apps\\Question5.tsx": {"path":"D:\\quizapp-reactnative\\Apps\\Question5.tsx","statementMap":{"0":{"start":{"line":15,"column":0},"end":{"line":20,"column":1}},"1":{"start":{"line":19,"column":2},"end":{"line":19,"column":56}},"2":{"start":{"line":23,"column":21},"end":{"line":23,"column":68}},"3":{"start":{"line":24,"column":55},"end":{"line":24,"column":78}},"4":{"start":{"line":25,"column":46},"end":{"line":25,"column":65}},"5":{"start":{"line":26,"column":19},"end":{"line":26,"column":20}},"6":{"start":{"line":27,"column":36},"end":{"line":27,"column":38}},"7":{"start":{"line":28,"column":2},"end":{"line":34,"column":3}},"8":{"start":{"line":29,"column":4},"end":{"line":29,"column":50}},"9":{"start":{"line":30,"column":9},"end":{"line":34,"column":3}},"10":{"start":{"line":31,"column":4},"end":{"line":31,"column":50}},"11":{"start":{"line":32,"column":9},"end":{"line":34,"column":3}},"12":{"start":{"line":33,"column":4},"end":{"line":33,"column":50}},"13":{"start":{"line":35,"column":36},"end":{"line":71,"column":4}},"14":{"start":{"line":36,"column":4},"end":{"line":70,"column":5}},"15":{"start":{"line":37,"column":6},"end":{"line":43,"column":8}},"16":{"start":{"line":44,"column":11},"end":{"line":70,"column":5}},"17":{"start":{"line":45,"column":6},"end":{"line":51,"column":8}},"18":{"start":{"line":52,"column":11},"end":{"line":70,"column":5}},"19":{"start":{"line":53,"column":6},"end":{"line":59,"column":8}},"20":{"start":{"line":60,"column":11},"end":{"line":70,"column":5}},"21":{"start":{"line":61,"column":6},"end":{"line":67,"column":8}},"22":{"start":{"line":69,"column":6},"end":{"line":69,"column":16}},"23":{"start":{"line":72,"column":32},"end":{"line":108,"column":4}},"24":{"start":{"line":73,"column":4},"end":{"line":107,"column":5}},"25":{"start":{"line":74,"column":6},"end":{"line":80,"column":8}},"26":{"start":{"line":81,"column":11},"end":{"line":107,"column":5}},"27":{"start":{"line":82,"column":6},"end":{"line":88,"column":8}},"28":{"start":{"line":89,"column":11},"end":{"line":107,"column":5}},"29":{"start":{"line":90,"column":6},"end":{"line":96,"column":8}},"30":{"start":{"line":97,"column":11},"end":{"line":107,"column":5}},"31":{"start":{"line":98,"column":6},"end":{"line":104,"column":8}},"32":{"start":{"line":106,"column":6},"end":{"line":106,"column":16}},"33":{"start":{"line":109,"column":27},"end":{"line":179,"column":3}},"34":{"start":{"line":111,"column":4},"end":{"line":159,"column":5}},"35":{"start":{"line":112,"column":6},"end":{"line":122,"column":7}},"36":{"start":{"line":113,"column":8},"end":{"line":113,"column":35}},"37":{"start":{"line":114,"column":13},"end":{"line":122,"column":7}},"38":{"start":{"line":115,"column":8},"end":{"line":115,"column":35}},"39":{"start":{"line":116,"column":13},"end":{"line":122,"column":7}},"40":{"start":{"line":117,"column":8},"end":{"line":117,"column":35}},"41":{"start":{"line":118,"column":13},"end":{"line":122,"column":7}},"42":{"start":{"line":119,"column":8},"end":{"line":119,"column":35}},"43":{"start":{"line":120,"column":13},"end":{"line":122,"column":7}},"44":{"start":{"line":121,"column":8},"end":{"line":121,"column":35}},"45":{"start":{"line":123,"column":11},"end":{"line":159,"column":5}},"46":{"start":{"line":124,"column":6},"end":{"line":134,"column":7}},"47":{"start":{"line":125,"column":8},"end":{"line":125,"column":35}},"48":{"start":{"line":126,"column":13},"end":{"line":134,"column":7}},"49":{"start":{"line":127,"column":8},"end":{"line":127,"column":35}},"50":{"start":{"line":128,"column":13},"end":{"line":134,"column":7}},"51":{"start":{"line":129,"column":8},"end":{"line":129,"column":35}},"52":{"start":{"line":130,"column":13},"end":{"line":134,"column":7}},"53":{"start":{"line":131,"column":8},"end":{"line":131,"column":35}},"54":{"start":{"line":132,"column":13},"end":{"line":134,"column":7}},"55":{"start":{"line":133,"column":8},"end":{"line":133,"column":35}},"56":{"start":{"line":135,"column":11},"end":{"line":159,"column":5}},"57":{"start":{"line":136,"column":6},"end":{"line":146,"column":7}},"58":{"start":{"line":137,"column":8},"end":{"line":137,"column":35}},"59":{"start":{"line":138,"column":13},"end":{"line":146,"column":7}},"60":{"start":{"line":139,"column":8},"end":{"line":139,"column":35}},"61":{"start":{"line":140,"column":13},"end":{"line":146,"column":7}},"62":{"start":{"line":141,"column":8},"end":{"line":141,"column":35}},"63":{"start":{"line":142,"column":13},"end":{"line":146,"column":7}},"64":{"start":{"line":143,"column":8},"end":{"line":143,"column":35}},"65":{"start":{"line":144,"column":13},"end":{"line":146,"column":7}},"66":{"start":{"line":145,"column":8},"end":{"line":145,"column":35}},"67":{"start":{"line":147,"column":11},"end":{"line":159,"column":5}},"68":{"start":{"line":148,"column":6},"end":{"line":158,"column":7}},"69":{"start":{"line":149,"column":8},"end":{"line":149,"column":35}},"70":{"start":{"line":150,"column":13},"end":{"line":158,"column":7}},"71":{"start":{"line":151,"column":8},"end":{"line":151,"column":35}},"72":{"start":{"line":152,"column":13},"end":{"line":158,"column":7}},"73":{"start":{"line":153,"column":8},"end":{"line":153,"column":35}},"74":{"start":{"line":154,"column":13},"end":{"line":158,"column":7}},"75":{"start":{"line":155,"column":8},"end":{"line":155,"column":35}},"76":{"start":{"line":156,"column":13},"end":{"line":158,"column":7}},"77":{"start":{"line":157,"column":8},"end":{"line":157,"column":35}},"78":{"start":{"line":161,"column":4},"end":{"line":178,"column":5}},"79":{"start":{"line":162,"column":27},"end":{"line":162,"column":41}},"80":{"start":{"line":163,"column":23},"end":{"line":163,"column":50}},"81":{"start":{"line":164,"column":20},"end":{"line":164,"column":41}},"82":{"start":{"line":165,"column":6},"end":{"line":174,"column":7}},"83":{"start":{"line":166,"column":8},"end":{"line":169,"column":40}},"84":{"start":{"line":170,"column":8},"end":{"line":170,"column":35}},"85":{"start":{"line":171,"column":8},"end":{"line":173,"column":9}},"86":{"start":{"line":172,"column":10},"end":{"line":172,"column":30}},"87":{"start":{"line":175,"column":6},"end":{"line":175,"column":30}},"88":{"start":{"line":177,"column":6},"end":{"line":177,"column":30}},"89":{"start":{"line":180,"column":2},"end":{"line":257,"column":4}},"90":{"start":{"line":198,"column":10},"end":{"line":204,"column":29}},"91":{"start":{"line":200,"column":27},"end":{"line":200,"column":56}},"92":{"start":{"line":210,"column":10},"end":{"line":214,"column":17}},"93":{"start":{"line":219,"column":10},"end":{"line":241,"column":17}},"94":{"start":{"line":224,"column":36},"end":{"line":224,"column":38}},"95":{"start":{"line":225,"column":16},"end":{"line":230,"column":17}},"96":{"start":{"line":225,"column":29},"end":{"line":225,"column":30}},"97":{"start":{"line":226,"column":18},"end":{"line":229,"column":19}},"98":{"start":{"line":227,"column":20},"end":{"line":227,"column":38}},"99":{"start":{"line":228,"column":20},"end":{"line":228,"column":26}},"100":{"start":{"line":231,"column":16},"end":{"line":235,"column":17}},"101":{"start":{"line":232,"column":18},"end":{"line":232,"column":61}},"102":{"start":{"line":234,"column":18},"end":{"line":234,"column":42}},"103":{"start":{"line":237,"column":28},"end":{"line":237,"column":56}},"104":{"start":{"line":246,"column":25},"end":{"line":246,"column":44}},"105":{"start":{"line":251,"column":25},"end":{"line":251,"column":59}},"106":{"start":{"line":259,"column":15},"end":{"line":327,"column":2}}},"fnMap":{"0":{"name":"Question5","decl":{"start":{"line":22,"column":24},"end":{"line":22,"column":33}},"loc":{"start":{"line":22,"column":36},"end":{"line":258,"column":1}},"line":22},"1":{"name":"(anonymous_1)","decl":{"start":{"line":35,"column":45},"end":{"line":35,"column":46}},"loc":{"start":{"line":35,"column":51},"end":{"line":71,"column":3}},"line":35},"2":{"name":"(anonymous_2)","decl":{"start":{"line":72,"column":41},"end":{"line":72,"column":42}},"loc":{"start":{"line":72,"column":47},"end":{"line":108,"column":3}},"line":72},"3":{"name":"(anonymous_3)","decl":{"start":{"line":109,"column":27},"end":{"line":109,"column":28}},"loc":{"start":{"line":109,"column":72},"end":{"line":179,"column":3}},"line":109},"4":{"name":"(anonymous_4)","decl":{"start":{"line":197,"column":14},"end":{"line":197,"column":15}},"loc":{"start":{"line":198,"column":10},"end":{"line":204,"column":29}},"line":198},"5":{"name":"(anonymous_5)","decl":{"start":{"line":200,"column":21},"end":{"line":200,"column":22}},"loc":{"start":{"line":200,"column":27},"end":{"line":200,"column":56}},"line":200},"6":{"name":"(anonymous_6)","decl":{"start":{"line":209,"column":23},"end":{"line":209,"column":24}},"loc":{"start":{"line":210,"column":10},"end":{"line":214,"column":17}},"line":210},"7":{"name":"(anonymous_7)","decl":{"start":{"line":218,"column":21},"end":{"line":218,"column":22}},"loc":{"start":{"line":219,"column":10},"end":{"line":241,"column":17}},"line":219},"8":{"name":"(anonymous_8)","decl":{"start":{"line":223,"column":29},"end":{"line":223,"column":30}},"loc":{"start":{"line":223,"column":54},"end":{"line":236,"column":15}},"line":223},"9":{"name":"(anonymous_9)","decl":{"start":{"line":237,"column":22},"end":{"line":237,"column":23}},"loc":{"start":{"line":237,"column":28},"end":{"line":237,"column":56}},"line":237},"10":{"name":"(anonymous_10)","decl":{"start":{"line":246,"column":19},"end":{"line":246,"column":20}},"loc":{"start":{"line":246,"column":25},"end":{"line":246,"column":44}},"line":246},"11":{"name":"(anonymous_11)","decl":{"start":{"line":251,"column":19},"end":{"line":251,"column":20}},"loc":{"start":{"line":251,"column":25},"end":{"line":251,"column":59}},"line":251}},"branchMap":{"0":{"loc":{"start":{"line":15,"column":0},"end":{"line":20,"column":1}},"type":"if","locations":[{"start":{"line":15,"column":0},"end":{"line":20,"column":1}},{"start":{},"end":{}}],"line":15},"1":{"loc":{"start":{"line":16,"column":2},"end":{"line":17,"column":49}},"type":"binary-expr","locations":[{"start":{"line":16,"column":2},"end":{"line":16,"column":27}},{"start":{"line":17,"column":2},"end":{"line":17,"column":49}}],"line":16},"2":{"loc":{"start":{"line":28,"column":2},"end":{"line":34,"column":3}},"type":"if","locations":[{"start":{"line":28,"column":2},"end":{"line":34,"column":3}},{"start":{"line":30,"column":9},"end":{"line":34,"column":3}}],"line":28},"3":{"loc":{"start":{"line":28,"column":6},"end":{"line":28,"column":61}},"type":"binary-expr","locations":[{"start":{"line":28,"column":6},"end":{"line":28,"column":33}},{"start":{"line":28,"column":37},"end":{"line":28,"column":61}}],"line":28},"4":{"loc":{"start":{"line":30,"column":9},"end":{"line":34,"column":3}},"type":"if","locations":[{"start":{"line":30,"column":9},"end":{"line":34,"column":3}},{"start":{"line":32,"column":9},"end":{"line":34,"column":3}}],"line":30},"5":{"loc":{"start":{"line":32,"column":9},"end":{"line":34,"column":3}},"type":"if","locations":[{"start":{"line":32,"column":9},"end":{"line":34,"column":3}},{"start":{},"end":{}}],"line":32},"6":{"loc":{"start":{"line":36,"column":4},"end":{"line":70,"column":5}},"type":"if","locations":[{"start":{"line":36,"column":4},"end":{"line":70,"column":5}},{"start":{"line":44,"column":11},"end":{"line":70,"column":5}}],"line":36},"7":{"loc":{"start":{"line":44,"column":11},"end":{"line":70,"column":5}},"type":"if","locations":[{"start":{"line":44,"column":11},"end":{"line":70,"column":5}},{"start":{"line":52,"column":11},"end":{"line":70,"column":5}}],"line":44},"8":{"loc":{"start":{"line":52,"column":11},"end":{"line":70,"column":5}},"type":"if","locations":[{"start":{"line":52,"column":11},"end":{"line":70,"column":5}},{"start":{"line":60,"column":11},"end":{"line":70,"column":5}}],"line":52},"9":{"loc":{"start":{"line":60,"column":11},"end":{"line":70,"column":5}},"type":"if","locations":[{"start":{"line":60,"column":11},"end":{"line":70,"column":5}},{"start":{"line":68,"column":11},"end":{"line":70,"column":5}}],"line":60},"10":{"loc":{"start":{"line":73,"column":4},"end":{"line":107,"column":5}},"type":"if","locations":[{"start":{"line":73,"column":4},"end":{"line":107,"column":5}},{"start":{"line":81,"column":11},"end":{"line":107,"column":5}}],"line":73},"11":{"loc":{"start":{"line":81,"column":11},"end":{"line":107,"column":5}},"type":"if","locations":[{"start":{"line":81,"column":11},"end":{"line":107,"column":5}},{"start":{"line":89,"column":11},"end":{"line":107,"column":5}}],"line":81},"12":{"loc":{"start":{"line":89,"column":11},"end":{"line":107,"column":5}},"type":"if","locations":[{"start":{"line":89,"column":11},"end":{"line":107,"column":5}},{"start":{"line":97,"column":11},"end":{"line":107,"column":5}}],"line":89},"13":{"loc":{"start":{"line":97,"column":11},"end":{"line":107,"column":5}},"type":"if","locations":[{"start":{"line":97,"column":11},"end":{"line":107,"column":5}},{"start":{"line":105,"column":11},"end":{"line":107,"column":5}}],"line":97},"14":{"loc":{"start":{"line":111,"column":4},"end":{"line":159,"column":5}},"type":"if","locations":[{"start":{"line":111,"column":4},"end":{"line":159,"column":5}},{"start":{"line":123,"column":11},"end":{"line":159,"column":5}}],"line":111},"15":{"loc":{"start":{"line":112,"column":6},"end":{"line":122,"column":7}},"type":"if","locations":[{"start":{"line":112,"column":6},"end":{"line":122,"column":7}},{"start":{"line":114,"column":13},"end":{"line":122,"column":7}}],"line":112},"16":{"loc":{"start":{"line":114,"column":13},"end":{"line":122,"column":7}},"type":"if","locations":[{"start":{"line":114,"column":13},"end":{"line":122,"column":7}},{"start":{"line":116,"column":13},"end":{"line":122,"column":7}}],"line":114},"17":{"loc":{"start":{"line":116,"column":13},"end":{"line":122,"column":7}},"type":"if","locations":[{"start":{"line":116,"column":13},"end":{"line":122,"column":7}},{"start":{"line":118,"column":13},"end":{"line":122,"column":7}}],"line":116},"18":{"loc":{"start":{"line":118,"column":13},"end":{"line":122,"column":7}},"type":"if","locations":[{"start":{"line":118,"column":13},"end":{"line":122,"column":7}},{"start":{"line":120,"column":13},"end":{"line":122,"column":7}}],"line":118},"19":{"loc":{"start":{"line":120,"column":13},"end":{"line":122,"column":7}},"type":"if","locations":[{"start":{"line":120,"column":13},"end":{"line":122,"column":7}},{"start":{},"end":{}}],"line":120},"20":{"loc":{"start":{"line":123,"column":11},"end":{"line":159,"column":5}},"type":"if","locations":[{"start":{"line":123,"column":11},"end":{"line":159,"column":5}},{"start":{"line":135,"column":11},"end":{"line":159,"column":5}}],"line":123},"21":{"loc":{"start":{"line":124,"column":6},"end":{"line":134,"column":7}},"type":"if","locations":[{"start":{"line":124,"column":6},"end":{"line":134,"column":7}},{"start":{"line":126,"column":13},"end":{"line":134,"column":7}}],"line":124},"22":{"loc":{"start":{"line":126,"column":13},"end":{"line":134,"column":7}},"type":"if","locations":[{"start":{"line":126,"column":13},"end":{"line":134,"column":7}},{"start":{"line":128,"column":13},"end":{"line":134,"column":7}}],"line":126},"23":{"loc":{"start":{"line":128,"column":13},"end":{"line":134,"column":7}},"type":"if","locations":[{"start":{"line":128,"column":13},"end":{"line":134,"column":7}},{"start":{"line":130,"column":13},"end":{"line":134,"column":7}}],"line":128},"24":{"loc":{"start":{"line":130,"column":13},"end":{"line":134,"column":7}},"type":"if","locations":[{"start":{"line":130,"column":13},"end":{"line":134,"column":7}},{"start":{"line":132,"column":13},"end":{"line":134,"column":7}}],"line":130},"25":{"loc":{"start":{"line":132,"column":13},"end":{"line":134,"column":7}},"type":"if","locations":[{"start":{"line":132,"column":13},"end":{"line":134,"column":7}},{"start":{},"end":{}}],"line":132},"26":{"loc":{"start":{"line":135,"column":11},"end":{"line":159,"column":5}},"type":"if","locations":[{"start":{"line":135,"column":11},"end":{"line":159,"column":5}},{"start":{"line":147,"column":11},"end":{"line":159,"column":5}}],"line":135},"27":{"loc":{"start":{"line":136,"column":6},"end":{"line":146,"column":7}},"type":"if","locations":[{"start":{"line":136,"column":6},"end":{"line":146,"column":7}},{"start":{"line":138,"column":13},"end":{"line":146,"column":7}}],"line":136},"28":{"loc":{"start":{"line":138,"column":13},"end":{"line":146,"column":7}},"type":"if","locations":[{"start":{"line":138,"column":13},"end":{"line":146,"column":7}},{"start":{"line":140,"column":13},"end":{"line":146,"column":7}}],"line":138},"29":{"loc":{"start":{"line":140,"column":13},"end":{"line":146,"column":7}},"type":"if","locations":[{"start":{"line":140,"column":13},"end":{"line":146,"column":7}},{"start":{"line":142,"column":13},"end":{"line":146,"column":7}}],"line":140},"30":{"loc":{"start":{"line":142,"column":13},"end":{"line":146,"column":7}},"type":"if","locations":[{"start":{"line":142,"column":13},"end":{"line":146,"column":7}},{"start":{"line":144,"column":13},"end":{"line":146,"column":7}}],"line":142},"31":{"loc":{"start":{"line":144,"column":13},"end":{"line":146,"column":7}},"type":"if","locations":[{"start":{"line":144,"column":13},"end":{"line":146,"column":7}},{"start":{},"end":{}}],"line":144},"32":{"loc":{"start":{"line":147,"column":11},"end":{"line":159,"column":5}},"type":"if","locations":[{"start":{"line":147,"column":11},"end":{"line":159,"column":5}},{"start":{},"end":{}}],"line":147},"33":{"loc":{"start":{"line":148,"column":6},"end":{"line":158,"column":7}},"type":"if","locations":[{"start":{"line":148,"column":6},"end":{"line":158,"column":7}},{"start":{"line":150,"column":13},"end":{"line":158,"column":7}}],"line":148},"34":{"loc":{"start":{"line":150,"column":13},"end":{"line":158,"column":7}},"type":"if","locations":[{"start":{"line":150,"column":13},"end":{"line":158,"column":7}},{"start":{"line":152,"column":13},"end":{"line":158,"column":7}}],"line":150},"35":{"loc":{"start":{"line":152,"column":13},"end":{"line":158,"column":7}},"type":"if","locations":[{"start":{"line":152,"column":13},"end":{"line":158,"column":7}},{"start":{"line":154,"column":13},"end":{"line":158,"column":7}}],"line":152},"36":{"loc":{"start":{"line":154,"column":13},"end":{"line":158,"column":7}},"type":"if","locations":[{"start":{"line":154,"column":13},"end":{"line":158,"column":7}},{"start":{"line":156,"column":13},"end":{"line":158,"column":7}}],"line":154},"37":{"loc":{"start":{"line":156,"column":13},"end":{"line":158,"column":7}},"type":"if","locations":[{"start":{"line":156,"column":13},"end":{"line":158,"column":7}},{"start":{},"end":{}}],"line":156},"38":{"loc":{"start":{"line":161,"column":4},"end":{"line":178,"column":5}},"type":"if","locations":[{"start":{"line":161,"column":4},"end":{"line":178,"column":5}},{"start":{"line":176,"column":11},"end":{"line":178,"column":5}}],"line":161},"39":{"loc":{"start":{"line":165,"column":6},"end":{"line":174,"column":7}},"type":"if","locations":[{"start":{"line":165,"column":6},"end":{"line":174,"column":7}},{"start":{},"end":{}}],"line":165},"40":{"loc":{"start":{"line":171,"column":8},"end":{"line":173,"column":9}},"type":"if","locations":[{"start":{"line":171,"column":8},"end":{"line":173,"column":9}},{"start":{},"end":{}}],"line":171},"41":{"loc":{"start":{"line":182,"column":7},"end":{"line":188,"column":7}},"type":"binary-expr","locations":[{"start":{"line":182,"column":7},"end":{"line":182,"column":17}},{"start":{"line":183,"column":8},"end":{"line":187,"column":15}}],"line":182},"42":{"loc":{"start":{"line":226,"column":18},"end":{"line":229,"column":19}},"type":"if","locations":[{"start":{"line":226,"column":18},"end":{"line":229,"column":19}},{"start":{},"end":{}}],"line":226},"43":{"loc":{"start":{"line":231,"column":16},"end":{"line":235,"column":17}},"type":"if","locations":[{"start":{"line":231,"column":16},"end":{"line":235,"column":17}},{"start":{"line":233,"column":23},"end":{"line":235,"column":17}}],"line":231}},"s":{"0":1,"1":0,"2":5,"3":5,"4":5,"5":5,"6":5,"7":5,"8":5,"9":0,"10":0,"11":0,"12":0,"13":5,"14":5,"15":5,"16":0,"17":0,"18":0,"19":0,"20":0,"21":0,"22":0,"23":5,"24":5,"25":5,"26":0,"27":0,"28":0,"29":0,"30":0,"31":0,"32":0,"33":5,"34":0,"35":0,"36":0,"37":0,"38":0,"39":0,"40":0,"41":0,"42":0,"43":0,"44":0,"45":0,"46":0,"47":0,"48":0,"49":0,"50":0,"51":0,"52":0,"53":0,"54":0,"55":0,"56":0,"57":0,"58":0,"59":0,"60":0,"61":0,"62":0,"63":0,"64":0,"65":0,"66":0,"67":0,"68":0,"69":0,"70":0,"71":0,"72":0,"73":0,"74":0,"75":0,"76":0,"77":0,"78":0,"79":0,"80":0,"81":0,"82":0,"83":0,"84":0,"85":0,"86":0,"87":0,"88":0,"89":5,"90":25,"91":0,"92":25,"93":25,"94":0,"95":0,"96":0,"97":0,"98":0,"99":0,"100":0,"101":0,"102":0,"103":0,"104":0,"105":1,"106":1},"f":{"0":5,"1":5,"2":5,"3":0,"4":25,"5":0,"6":25,"7":25,"8":0,"9":0,"10":0,"11":1},"b":{"0":[0,1],"1":[1,0],"2":[5,0],"3":[5,0],"4":[0,0],"5":[0,0],"6":[5,0],"7":[0,0],"8":[0,0],"9":[0,0],"10":[5,0],"11":[0,0],"12":[0,0],"13":[0,0],"14":[0,0],"15":[0,0],"16":[0,0],"17":[0,0],"18":[0,0],"19":[0,0],"20":[0,0],"21":[0,0],"22":[0,0],"23":[0,0],"24":[0,0],"25":[0,0],"26":[0,0],"27":[0,0],"28":[0,0],"29":[0,0],"30":[0,0],"31":[0,0],"32":[0,0],"33":[0,0],"34":[0,0],"35":[0,0],"36":[0,0],"37":[0,0],"38":[0,0],"39":[0,0],"40":[0,0],"41":[5,5],"42":[0,0],"43":[0,0]},"_coverageSchema":"1a1c01bbd47fc00a2c39e90264f33305004495a9","hash":"3de4473d3e089181f7fc4ae8ffb83a44b2ffdb2e"}
,"D:\\quizapp-reactnative\\Apps\\QuizContext.tsx": {"path":"D:\\quizapp-reactnative\\Apps\\QuizContext.tsx","statementMap":{"0":{"start":{"line":3,"column":27},"end":{"line":29,"column":2}}},"fnMap":{"0":{"name":"(anonymous_0)","decl":{"start":{"line":18,"column":12},"end":{"line":18,"column":13}},"loc":{"start":{"line":18,"column":18},"end":{"line":18,"column":20}},"line":18},"1":{"name":"(anonymous_1)","decl":{"start":{"line":20,"column":11},"end":{"line":20,"column":12}},"loc":{"start":{"line":20,"column":17},"end":{"line":20,"column":19}},"line":20},"2":{"name":"(anonymous_2)","decl":{"start":{"line":22,"column":11},"end":{"line":22,"column":12}},"loc":{"start":{"line":22,"column":17},"end":{"line":22,"column":19}},"line":22},"3":{"name":"(anonymous_3)","decl":{"start":{"line":24,"column":12},"end":{"line":24,"column":13}},"loc":{"start":{"line":24,"column":18},"end":{"line":24,"column":20}},"line":24},"4":{"name":"(anonymous_4)","decl":{"start":{"line":26,"column":15},"end":{"line":26,"column":16}},"loc":{"start":{"line":26,"column":21},"end":{"line":26,"column":23}},"line":26},"5":{"name":"(anonymous_5)","decl":{"start":{"line":28,"column":14},"end":{"line":28,"column":15}},"loc":{"start":{"line":28,"column":20},"end":{"line":28,"column":22}},"line":28}},"branchMap":{},"s":{"0":7},"f":{"0":0,"1":1,"2":1,"3":1,"4":0,"5":0},"b":{},"_coverageSchema":"1a1c01bbd47fc00a2c39e90264f33305004495a9","hash":"ad4d34b8dfeb99857901b0d69aa44d85f178b76f"}
,"D:\\quizapp-reactnative\\Apps\\SubmitScreen.tsx": {"path":"D:\\quizapp-reactnative\\Apps\\SubmitScreen.tsx","statementMap":{"0":{"start":{"line":7,"column":21},"end":{"line":55,"column":1}},"1":{"start":{"line":8,"column":21},"end":{"line":8,"column":68}},"2":{"start":{"line":10,"column":4},"end":{"line":10,"column":27}},"3":{"start":{"line":11,"column":23},"end":{"line":11,"column":32}},"4":{"start":{"line":12,"column":20},"end":{"line":12,"column":41}},"5":{"start":{"line":13,"column":22},"end":{"line":13,"column":44}},"6":{"start":{"line":15,"column":4},"end":{"line":15,"column":16}},"7":{"start":{"line":16,"column":4},"end":{"line":16,"column":32}},"8":{"start":{"line":18,"column":2},"end":{"line":54,"column":4}},"9":{"start":{"line":57,"column":15},"end":{"line":86,"column":2}}},"fnMap":{"0":{"name":"(anonymous_0)","decl":{"start":{"line":7,"column":21},"end":{"line":7,"column":22}},"loc":{"start":{"line":7,"column":27},"end":{"line":55,"column":1}},"line":7},"1":{"name":"restartQuiz","decl":{"start":{"line":14,"column":11},"end":{"line":14,"column":22}},"loc":{"start":{"line":14,"column":25},"end":{"line":17,"column":3}},"line":14}},"branchMap":{},"s":{"0":1,"1":4,"2":4,"3":4,"4":4,"5":4,"6":1,"7":1,"8":4,"9":1},"f":{"0":4,"1":1},"b":{},"_coverageSchema":"1a1c01bbd47fc00a2c39e90264f33305004495a9","hash":"e28c2d39b3b946fd368dcaeaa431a55fc2682888"}
}
