TN:
SF:Apps\Base.tsx
FN:14,Base
FN:25,handleSubmit
FN:28,(anonymous_2)
FN:33,(anonymous_3)
FN:37,(anonymous_4)
FN:70,(anonymous_5)
FN:78,(anonymous_6)
FN:87,(anonymous_7)
FNF:8
FNH:5
FNDA:7,Base
FNDA:2,handleSubmit
FNDA:1,(anonymous_2)
FNDA:1,(anonymous_3)
FNDA:1,(anonymous_4)
FNDA:0,(anonymous_5)
FNDA:0,(anonymous_6)
FNDA:0,(anonymous_7)
DA:15,7
DA:17,7
DA:18,7
DA:19,7
DA:20,7
DA:21,7
DA:22,7
DA:23,7
DA:24,7
DA:26,2
DA:28,7
DA:29,1
DA:30,1
DA:31,1
DA:33,7
DA:34,1
DA:35,1
DA:37,7
DA:38,1
DA:39,1
DA:42,7
DA:43,7
DA:44,7
DA:45,7
DA:71,0
DA:79,0
DA:87,0
DA:92,1
LF:28
LH:25
BRDA:42,0,0,7
BRDA:42,0,1,5
BRDA:42,0,2,5
BRDA:43,1,0,7
BRDA:43,1,1,3
BRDA:52,2,0,7
BRDA:52,2,1,0
BRDA:59,3,0,7
BRDA:59,3,1,0
BRF:9
BRH:7
end_of_record
TN:
SF:Apps\Question1.tsx
FN:13,Question1
FN:37,(anonymous_1)
FN:40,(anonymous_2)
FN:78,(anonymous_3)
FN:81,(anonymous_4)
FN:92,(anonymous_5)
FN:99,(anonymous_6)
FN:113,(anonymous_7)
FNF:8
FNH:8
FNDA:10,Question1
FNDA:2,(anonymous_1)
FNDA:2,(anonymous_2)
FNDA:50,(anonymous_3)
FNDA:4,(anonymous_4)
FNDA:40,(anonymous_5)
FNDA:2,(anonymous_6)
FNDA:1,(anonymous_7)
DA:14,10
DA:15,10
DA:16,10
DA:17,10
DA:18,10
DA:19,10
DA:20,10
DA:21,10
DA:22,10
DA:23,10
DA:24,10
DA:25,0
DA:26,0
DA:28,0
DA:29,0
DA:30,0
DA:31,0
DA:32,0
DA:33,0
DA:35,0
DA:37,10
DA:38,2
DA:40,10
DA:41,2
DA:42,2
DA:43,2
DA:44,1
DA:46,1
DA:48,0
DA:49,0
DA:50,0
DA:52,0
DA:54,0
DA:55,0
DA:56,0
DA:58,0
DA:60,0
DA:61,0
DA:62,0
DA:64,0
DA:69,10
DA:79,50
DA:81,4
DA:93,40
DA:99,2
DA:113,1
DA:119,1
LF:47
LH:26
BRDA:22,0,0,10
BRDA:22,0,1,0
BRDA:25,1,0,0
BRDA:25,1,1,0
BRDA:29,2,0,0
BRDA:29,2,1,0
BRDA:32,3,0,0
BRDA:32,3,1,0
BRDA:42,4,0,2
BRDA:42,4,1,0
BRDA:43,5,0,1
BRDA:43,5,1,1
BRDA:43,6,0,2
BRDA:43,6,1,1
BRDA:48,7,0,0
BRDA:48,7,1,0
BRDA:48,8,0,0
BRDA:48,8,1,0
BRDA:49,9,0,0
BRDA:49,9,1,0
BRDA:54,10,0,0
BRDA:54,10,1,0
BRDA:54,11,0,0
BRDA:54,11,1,0
BRDA:55,12,0,0
BRDA:55,12,1,0
BRDA:60,13,0,0
BRDA:60,13,1,0
BRDA:60,14,0,0
BRDA:60,14,1,0
BRDA:61,15,0,0
BRDA:61,15,1,0
BRDA:88,16,0,10
BRDA:88,16,1,10
BRDA:97,17,0,40
BRDA:97,17,1,4
BRDA:109,18,0,10
BRDA:109,18,1,10
BRF:38
BRH:12
end_of_record
TN:
SF:Apps\Question2.tsx
FN:13,Question2
FN:36,(anonymous_1)
FN:65,(anonymous_2)
FN:77,(anonymous_3)
FN:81,(anonymous_4)
FN:91,(anonymous_5)
FN:98,(anonymous_6)
FN:110,(anonymous_7)
FN:115,(anonymous_8)
FNF:9
FNH:8
FNDA:10,Question2
FNDA:2,(anonymous_1)
FNDA:2,(anonymous_2)
FNDA:50,(anonymous_3)
FNDA:4,(anonymous_4)
FNDA:20,(anonymous_5)
FNDA:2,(anonymous_6)
FNDA:1,(anonymous_7)
FNDA:0,(anonymous_8)
DA:14,10
DA:15,10
DA:16,10
DA:17,10
DA:18,10
DA:19,10
DA:20,10
DA:21,10
DA:22,10
DA:23,10
DA:24,10
DA:25,0
DA:26,0
DA:28,0
DA:29,0
DA:30,0
DA:31,0
DA:32,0
DA:33,0
DA:34,0
DA:36,10
DA:37,2
DA:38,2
DA:39,2
DA:40,1
DA:42,1
DA:44,0
DA:45,0
DA:46,0
DA:48,0
DA:50,0
DA:51,0
DA:52,0
DA:54,0
DA:56,0
DA:57,0
DA:58,0
DA:60,0
DA:65,10
DA:66,2
DA:68,10
DA:78,50
DA:81,4
DA:92,20
DA:98,2
DA:110,1
DA:115,0
DA:121,1
LF:48
LH:26
BRDA:22,0,0,10
BRDA:22,0,1,0
BRDA:25,1,0,0
BRDA:25,1,1,0
BRDA:29,2,0,0
BRDA:29,2,1,0
BRDA:32,3,0,0
BRDA:32,3,1,0
BRDA:38,4,0,2
BRDA:38,4,1,0
BRDA:39,5,0,1
BRDA:39,5,1,1
BRDA:39,6,0,2
BRDA:39,6,1,1
BRDA:44,7,0,0
BRDA:44,7,1,0
BRDA:45,8,0,0
BRDA:45,8,1,0
BRDA:45,9,0,0
BRDA:45,9,1,0
BRDA:50,10,0,0
BRDA:50,10,1,0
BRDA:51,11,0,0
BRDA:51,11,1,0
BRDA:51,12,0,0
BRDA:51,12,1,0
BRDA:56,13,0,0
BRDA:56,13,1,0
BRDA:57,14,0,0
BRDA:57,14,1,0
BRDA:57,15,0,0
BRDA:57,15,1,0
BRDA:87,16,0,10
BRDA:87,16,1,10
BRDA:96,17,0,20
BRDA:96,17,1,4
BRF:36
BRH:10
end_of_record
TN:
SF:Apps\Question3.tsx
FN:13,Question3
FN:53,(anonymous_1)
FN:82,(anonymous_2)
FN:94,(anonymous_3)
FN:97,(anonymous_4)
FN:108,(anonymous_5)
FN:115,(anonymous_6)
FN:127,(anonymous_7)
FN:132,(anonymous_8)
FNF:9
FNH:8
FNDA:10,Question3
FNDA:2,(anonymous_1)
FNDA:2,(anonymous_2)
FNDA:50,(anonymous_3)
FNDA:4,(anonymous_4)
FNDA:40,(anonymous_5)
FNDA:2,(anonymous_6)
FNDA:1,(anonymous_7)
FNDA:0,(anonymous_8)
DA:14,10
DA:15,10
DA:16,10
DA:17,10
DA:18,10
DA:19,10
DA:20,10
DA:21,10
DA:22,10
DA:23,10
DA:25,10
DA:31,0
DA:32,0
DA:34,0
DA:40,0
DA:41,0
DA:43,0
DA:44,0
DA:45,0
DA:46,0
DA:53,10
DA:54,2
DA:55,2
DA:56,2
DA:57,1
DA:59,1
DA:61,0
DA:62,0
DA:63,0
DA:65,0
DA:67,0
DA:68,0
DA:69,0
DA:71,0
DA:73,0
DA:74,0
DA:75,0
DA:77,0
DA:82,10
DA:83,2
DA:85,10
DA:95,50
DA:97,4
DA:109,40
DA:115,2
DA:127,1
DA:132,0
DA:138,1
LF:48
LH:26
BRDA:22,0,0,10
BRDA:22,0,1,0
BRDA:31,1,0,0
BRDA:31,1,1,0
BRDA:40,2,0,0
BRDA:40,2,1,0
BRDA:44,3,0,0
BRDA:44,3,1,0
BRDA:55,4,0,2
BRDA:55,4,1,0
BRDA:56,5,0,1
BRDA:56,5,1,1
BRDA:56,6,0,2
BRDA:56,6,1,1
BRDA:61,7,0,0
BRDA:61,7,1,0
BRDA:62,8,0,0
BRDA:62,8,1,0
BRDA:62,9,0,0
BRDA:62,9,1,0
BRDA:67,10,0,0
BRDA:67,10,1,0
BRDA:68,11,0,0
BRDA:68,11,1,0
BRDA:68,12,0,0
BRDA:68,12,1,0
BRDA:73,13,0,0
BRDA:73,13,1,0
BRDA:74,14,0,0
BRDA:74,14,1,0
BRDA:74,15,0,0
BRDA:74,15,1,0
BRDA:104,16,0,10
BRDA:104,16,1,10
BRDA:113,17,0,40
BRDA:113,17,1,4
BRF:36
BRH:10
end_of_record
TN:
SF:Apps\Question4.tsx
FN:13,Question4
FN:41,(anonymous_1)
FN:69,(anonymous_2)
FN:81,(anonymous_3)
FN:84,(anonymous_4)
FN:96,(anonymous_5)
FN:103,(anonymous_6)
FN:115,(anonymous_7)
FN:120,(anonymous_8)
FNF:9
FNH:8
FNDA:10,Question4
FNDA:2,(anonymous_1)
FNDA:2,(anonymous_2)
FNDA:50,(anonymous_3)
FNDA:4,(anonymous_4)
FNDA:40,(anonymous_5)
FNDA:2,(anonymous_6)
FNDA:1,(anonymous_7)
FNDA:0,(anonymous_8)
DA:14,10
DA:15,10
DA:16,10
DA:17,10
DA:18,10
DA:19,10
DA:20,10
DA:21,10
DA:22,10
DA:23,10
DA:24,10
DA:25,0
DA:26,0
DA:27,0
DA:33,0
DA:34,0
DA:36,0
DA:37,0
DA:38,0
DA:39,0
DA:41,10
DA:42,2
DA:43,2
DA:44,2
DA:45,1
DA:47,1
DA:49,0
DA:50,0
DA:51,0
DA:53,0
DA:55,0
DA:56,0
DA:57,0
DA:59,0
DA:61,0
DA:62,0
DA:63,0
DA:65,0
DA:69,10
DA:70,2
DA:72,10
DA:82,50
DA:84,4
DA:97,40
DA:103,2
DA:115,1
DA:120,0
DA:126,1
LF:48
LH:26
BRDA:22,0,0,10
BRDA:22,0,1,0
BRDA:25,1,0,0
BRDA:25,1,1,0
BRDA:33,2,0,0
BRDA:33,2,1,0
BRDA:37,3,0,0
BRDA:37,3,1,0
BRDA:43,4,0,2
BRDA:43,4,1,0
BRDA:44,5,0,1
BRDA:44,5,1,1
BRDA:44,6,0,2
BRDA:44,6,1,1
BRDA:49,7,0,0
BRDA:49,7,1,0
BRDA:50,8,0,0
BRDA:50,8,1,0
BRDA:50,9,0,0
BRDA:50,9,1,0
BRDA:55,10,0,0
BRDA:55,10,1,0
BRDA:56,11,0,0
BRDA:56,11,1,0
BRDA:56,12,0,0
BRDA:56,12,1,0
BRDA:61,13,0,0
BRDA:61,13,1,0
BRDA:62,14,0,0
BRDA:62,14,1,0
BRDA:62,15,0,0
BRDA:62,15,1,0
BRDA:92,16,0,10
BRDA:92,16,1,10
BRDA:101,17,0,40
BRDA:101,17,1,4
BRF:36
BRH:10
end_of_record
TN:
SF:Apps\Question5.tsx
FN:22,Question5
FN:35,(anonymous_1)
FN:72,(anonymous_2)
FN:109,(anonymous_3)
FN:197,(anonymous_4)
FN:200,(anonymous_5)
FN:209,(anonymous_6)
FN:218,(anonymous_7)
FN:223,(anonymous_8)
FN:237,(anonymous_9)
FN:246,(anonymous_10)
FN:251,(anonymous_11)
FNF:12
FNH:7
FNDA:5,Question5
FNDA:5,(anonymous_1)
FNDA:5,(anonymous_2)
FNDA:0,(anonymous_3)
FNDA:25,(anonymous_4)
FNDA:0,(anonymous_5)
FNDA:25,(anonymous_6)
FNDA:25,(anonymous_7)
FNDA:0,(anonymous_8)
FNDA:0,(anonymous_9)
FNDA:0,(anonymous_10)
FNDA:1,(anonymous_11)
DA:15,1
DA:19,0
DA:23,5
DA:24,5
DA:25,5
DA:26,5
DA:27,5
DA:28,5
DA:29,5
DA:30,0
DA:31,0
DA:32,0
DA:33,0
DA:35,5
DA:36,5
DA:37,5
DA:44,0
DA:45,0
DA:52,0
DA:53,0
DA:60,0
DA:61,0
DA:69,0
DA:72,5
DA:73,5
DA:74,5
DA:81,0
DA:82,0
DA:89,0
DA:90,0
DA:97,0
DA:98,0
DA:106,0
DA:109,5
DA:111,0
DA:112,0
DA:113,0
DA:114,0
DA:115,0
DA:116,0
DA:117,0
DA:118,0
DA:119,0
DA:120,0
DA:121,0
DA:123,0
DA:124,0
DA:125,0
DA:126,0
DA:127,0
DA:128,0
DA:129,0
DA:130,0
DA:131,0
DA:132,0
DA:133,0
DA:135,0
DA:136,0
DA:137,0
DA:138,0
DA:139,0
DA:140,0
DA:141,0
DA:142,0
DA:143,0
DA:144,0
DA:145,0
DA:147,0
DA:148,0
DA:149,0
DA:150,0
DA:151,0
DA:152,0
DA:153,0
DA:154,0
DA:155,0
DA:156,0
DA:157,0
DA:161,0
DA:162,0
DA:163,0
DA:164,0
DA:165,0
DA:166,0
DA:170,0
DA:171,0
DA:172,0
DA:175,0
DA:177,0
DA:180,5
DA:198,25
DA:200,0
DA:210,25
DA:219,25
DA:224,0
DA:225,0
DA:226,0
DA:227,0
DA:228,0
DA:231,0
DA:232,0
DA:234,0
DA:237,0
DA:246,0
DA:251,1
DA:259,1
LF:106
LH:21
BRDA:15,0,0,0
BRDA:15,0,1,1
BRDA:16,1,0,1
BRDA:16,1,1,0
BRDA:28,2,0,5
BRDA:28,2,1,0
BRDA:28,3,0,5
BRDA:28,3,1,0
BRDA:30,4,0,0
BRDA:30,4,1,0
BRDA:32,5,0,0
BRDA:32,5,1,0
BRDA:36,6,0,5
BRDA:36,6,1,0
BRDA:44,7,0,0
BRDA:44,7,1,0
BRDA:52,8,0,0
BRDA:52,8,1,0
BRDA:60,9,0,0
BRDA:60,9,1,0
BRDA:73,10,0,5
BRDA:73,10,1,0
BRDA:81,11,0,0
BRDA:81,11,1,0
BRDA:89,12,0,0
BRDA:89,12,1,0
BRDA:97,13,0,0
BRDA:97,13,1,0
BRDA:111,14,0,0
BRDA:111,14,1,0
BRDA:112,15,0,0
BRDA:112,15,1,0
BRDA:114,16,0,0
BRDA:114,16,1,0
BRDA:116,17,0,0
BRDA:116,17,1,0
BRDA:118,18,0,0
BRDA:118,18,1,0
BRDA:120,19,0,0
BRDA:120,19,1,0
BRDA:123,20,0,0
BRDA:123,20,1,0
BRDA:124,21,0,0
BRDA:124,21,1,0
BRDA:126,22,0,0
BRDA:126,22,1,0
BRDA:128,23,0,0
BRDA:128,23,1,0
BRDA:130,24,0,0
BRDA:130,24,1,0
BRDA:132,25,0,0
BRDA:132,25,1,0
BRDA:135,26,0,0
BRDA:135,26,1,0
BRDA:136,27,0,0
BRDA:136,27,1,0
BRDA:138,28,0,0
BRDA:138,28,1,0
BRDA:140,29,0,0
BRDA:140,29,1,0
BRDA:142,30,0,0
BRDA:142,30,1,0
BRDA:144,31,0,0
BRDA:144,31,1,0
BRDA:147,32,0,0
BRDA:147,32,1,0
BRDA:148,33,0,0
BRDA:148,33,1,0
BRDA:150,34,0,0
BRDA:150,34,1,0
BRDA:152,35,0,0
BRDA:152,35,1,0
BRDA:154,36,0,0
BRDA:154,36,1,0
BRDA:156,37,0,0
BRDA:156,37,1,0
BRDA:161,38,0,0
BRDA:161,38,1,0
BRDA:165,39,0,0
BRDA:165,39,1,0
BRDA:171,40,0,0
BRDA:171,40,1,0
BRDA:182,41,0,5
BRDA:182,41,1,5
BRDA:226,42,0,0
BRDA:226,42,1,0
BRDA:231,43,0,0
BRDA:231,43,1,0
BRF:88
BRH:8
end_of_record
TN:
SF:Apps\QuizContext.tsx
FN:18,(anonymous_0)
FN:20,(anonymous_1)
FN:22,(anonymous_2)
FN:24,(anonymous_3)
FN:26,(anonymous_4)
FN:28,(anonymous_5)
FNF:6
FNH:3
FNDA:0,(anonymous_0)
FNDA:1,(anonymous_1)
FNDA:1,(anonymous_2)
FNDA:1,(anonymous_3)
FNDA:0,(anonymous_4)
FNDA:0,(anonymous_5)
DA:3,7
LF:1
LH:1
BRF:0
BRH:0
end_of_record
TN:
SF:Apps\SubmitScreen.tsx
FN:7,(anonymous_0)
FN:14,restartQuiz
FNF:2
FNH:2
FNDA:4,(anonymous_0)
FNDA:1,restartQuiz
DA:7,1
DA:8,4
DA:10,4
DA:11,4
DA:12,4
DA:13,4
DA:15,1
DA:16,1
DA:18,4
DA:57,1
LF:10
LH:10
BRF:0
BRH:0
end_of_record
